[0.007s] Invoking command in '/home/zhanghechao/workspace/ws/build/pmocha_experiments': CMAKE_PREFIX_PATH=${CMAKE_PREFIX_PATH}:/opt/ros/humble /usr/bin/cmake --build /home/zhanghechao/workspace/ws/build/pmocha_experiments -- -j8 -l8
[0.127s] -- Override CMake install command with custom implementation using symlinks instead of copying resources
[0.154s] -- Found rosidl_generator_c: 3.1.8 (/opt/ros/humble/share/rosidl_generator_c/cmake)
[0.155s] -- Found rosidl_adapter: 3.1.8 (/opt/ros/humble/share/rosidl_adapter/cmake)
[0.161s] -- Found rosidl_generator_cpp: 3.1.8 (/opt/ros/humble/share/rosidl_generator_cpp/cmake)
[0.168s] -- Using all available rosidl_typesupport_c: rosidl_typesupport_fastrtps_c;rosidl_typesupport_introspection_c
[0.178s] -- Using all available rosidl_typesupport_cpp: rosidl_typesupport_fastrtps_cpp;rosidl_typesupport_introspection_cpp
[0.204s] -- Found rmw_implementation_cmake: 6.1.2 (/opt/ros/humble/share/rmw_implementation_cmake/cmake)
[0.205s] -- Found rmw_fastrtps_cpp: 6.2.10 (/opt/ros/humble/share/rmw_fastrtps_cpp/cmake)
[0.275s] -- Using RMW implementation 'rmw_fastrtps_cpp' as default
[0.463s] -- Configuring done
[0.485s] -- Generating done
[0.493s] -- Build files have been written to: /home/zhanghechao/workspace/ws/build/pmocha_experiments
[0.523s] Consolidate compiler generated dependencies of target mocha_core
[0.536s] [ 15%] Built target mocha_core
[0.546s] Consolidate compiler generated dependencies of target test_core_ackermann_bilayer_optimizer
[0.546s] Consolidate compiler generated dependencies of target test_core_mco_optimizer
[0.556s] Consolidate compiler generated dependencies of target pmocha_experiment_core
[0.562s] [ 26%] Built target test_core_mco_optimizer
[0.562s] [ 36%] Built target test_core_ackermann_bilayer_optimizer
[0.580s] [ 68%] Built target pmocha_experiment_core
[0.594s] Consolidate compiler generated dependencies of target test_grid_corridor_pipeline
[0.596s] Consolidate compiler generated dependencies of target test_mocha_single_corridor_pipeline
[0.609s] [ 73%] Building CXX object CMakeFiles/perception_grid_node.dir/src/perception_grid_node.cpp.o
[0.609s] [ 84%] Built target test_grid_corridor_pipeline
[0.611s] [ 94%] Built target test_mocha_single_corridor_pipeline
[12.403s] [100%] Linking CXX executable perception_grid_node
[12.585s] [100%] Built target perception_grid_node
[12.595s] Invoked command in '/home/zhanghechao/workspace/ws/build/pmocha_experiments' returned '0': CMAKE_PREFIX_PATH=${CMAKE_PREFIX_PATH}:/opt/ros/humble /usr/bin/cmake --build /home/zhanghechao/workspace/ws/build/pmocha_experiments -- -j8 -l8
[12.605s] Invoking command in '/home/zhanghechao/workspace/ws/build/pmocha_experiments': CMAKE_PREFIX_PATH=${CMAKE_PREFIX_PATH}:/opt/ros/humble /usr/bin/cmake --install /home/zhanghechao/workspace/ws/build/pmocha_experiments
[12.612s] -- Install configuration: "Release"
[12.612s] -- Execute custom install script
[12.613s] -- Up-to-date symlink: /home/zhanghechao/workspace/ws/install/pmocha_experiments/lib/libmocha_core.a
[12.613s] -- Up-to-date symlink: /home/zhanghechao/workspace/ws/install/pmocha_experiments/include/mocha_planner/core/ackermann_bilayer_optimizer.hpp
[12.613s] -- Up-to-date symlink: /home/zhanghechao/workspace/ws/install/pmocha_experiments/include/mocha_planner/core/mco_optimizer.hpp
[12.614s] -- Up-to-date symlink: /home/zhanghechao/workspace/ws/install/pmocha_experiments/include/mocha_planner/core/types.hpp
[12.614s] -- Up-to-date symlink: /home/zhanghechao/workspace/ws/install/pmocha_experiments/include/mocha_planner/third_party/lbfgs.hpp
[12.614s] -- Up-to-date symlink: /home/zhanghechao/workspace/ws/install/pmocha_experiments/lib/libpmocha_experiment_core.a
[12.615s] -- Up-to-date symlink: /home/zhanghechao/workspace/ws/install/pmocha_experiments/include/pmocha_experiments/esdf_grid.hpp
[12.615s] -- Up-to-date symlink: /home/zhanghechao/workspace/ws/install/pmocha_experiments/include/pmocha_experiments/occupancy_grid.hpp
[12.615s] -- Up-to-date symlink: /home/zhanghechao/workspace/ws/install/pmocha_experiments/include/pmocha_experiments/single_astar.hpp
[12.615s] -- Up-to-date symlink: /home/zhanghechao/workspace/ws/install/pmocha_experiments/include/pmocha_experiments/single_corridor.hpp
[12.615s] -- Up-to-date symlink: /home/zhanghechao/workspace/ws/install/pmocha_experiments/include/pmocha_experiments/trajectory_evaluator.hpp
[12.615s] -- Up-to-date symlink: /home/zhanghechao/workspace/ws/install/pmocha_experiments/share/pmocha_experiments/launch/pmocha_sensor_sim.launch.py
[12.616s] -- Symlinking: /home/zhanghechao/workspace/ws/install/pmocha_experiments/share/pmocha_experiments/launch/pmocha_v0_pipeline.launch.py
[12.622s] -- Up-to-date symlink: /home/zhanghechao/workspace/ws/install/pmocha_experiments/share/pmocha_experiments/urdf/pioneer3at_body.urdf.xacro
[12.622s] -- Up-to-date symlink: /home/zhanghechao/workspace/ws/install/pmocha_experiments/share/pmocha_experiments/urdf/pmocha_dynus_ground_robot.urdf.xacro
[12.622s] -- Up-to-date symlink: /home/zhanghechao/workspace/ws/install/pmocha_experiments/share/pmocha_experiments/urdf/pmocha_ground_robot.urdf.xacro
[12.623s] -- Up-to-date symlink: /home/zhanghechao/workspace/ws/install/pmocha_experiments/share/pmocha_experiments/worlds/corner_occlusion.world
[12.623s] -- Up-to-date symlink: /home/zhanghechao/workspace/ws/install/pmocha_experiments/share/pmocha_experiments/worlds/dynus/empty.world
[12.623s] -- Up-to-date symlink: /home/zhanghechao/workspace/ws/install/pmocha_experiments/share/pmocha_experiments/worlds/dynus/office.world
[12.623s] -- Up-to-date symlink: /home/zhanghechao/workspace/ws/install/pmocha_experiments/share/pmocha_experiments/worlds/dynus/simple_tunnel.world
[12.623s] -- Up-to-date symlink: /home/zhanghechao/workspace/ws/install/pmocha_experiments/share/pmocha_experiments/config/v0_topics.yaml
[12.623s] -- Up-to-date symlink: /home/zhanghechao/workspace/ws/install/pmocha_experiments/share/pmocha_experiments/meshes/p3at_meshes/axle.stl
[12.623s] -- Up-to-date symlink: /home/zhanghechao/workspace/ws/install/pmocha_experiments/share/pmocha_experiments/meshes/p3at_meshes/back_sonar.stl
[12.623s] -- Up-to-date symlink: /home/zhanghechao/workspace/ws/install/pmocha_experiments/share/pmocha_experiments/meshes/p3at_meshes/chassis.stl
[12.623s] -- Up-to-date symlink: /home/zhanghechao/workspace/ws/install/pmocha_experiments/share/pmocha_experiments/meshes/p3at_meshes/front_sonar.stl
[12.623s] -- Up-to-date symlink: /home/zhanghechao/workspace/ws/install/pmocha_experiments/share/pmocha_experiments/meshes/p3at_meshes/left_hubcap.stl
[12.623s] -- Up-to-date symlink: /home/zhanghechao/workspace/ws/install/pmocha_experiments/share/pmocha_experiments/meshes/p3at_meshes/right_hubcap.stl
[12.623s] -- Up-to-date symlink: /home/zhanghechao/workspace/ws/install/pmocha_experiments/share/pmocha_experiments/meshes/p3at_meshes/top.stl
[12.623s] -- Up-to-date symlink: /home/zhanghechao/workspace/ws/install/pmocha_experiments/share/pmocha_experiments/meshes/p3at_meshes/wheel.stl
[12.624s] -- Up-to-date symlink: /home/zhanghechao/workspace/ws/install/pmocha_experiments/share/pmocha_experiments/meshes/real_sense/d435.dae
[12.624s] -- Up-to-date symlink: /home/zhanghechao/workspace/ws/install/pmocha_experiments/share/pmocha_experiments/rviz/dynus_sim_ground_robot.rviz
[12.624s] -- Up-to-date symlink: /home/zhanghechao/workspace/ws/install/pmocha_experiments/share/pmocha_experiments/rviz/pmocha_v0.rviz
[12.624s] -- Up-to-date symlink: /home/zhanghechao/workspace/ws/install/pmocha_experiments/lib/pmocha_experiments/teleop.sh
[12.624s] -- Symlinking: /home/zhanghechao/workspace/ws/install/pmocha_experiments/lib/pmocha_experiments/perception_grid_node
[12.632s] -- Up-to-date symlink: /home/zhanghechao/workspace/ws/install/pmocha_experiments/share/ament_index/resource_index/package_run_dependencies/pmocha_experiments
[12.632s] -- Up-to-date symlink: /home/zhanghechao/workspace/ws/install/pmocha_experiments/share/ament_index/resource_index/parent_prefix_path/pmocha_experiments
[12.632s] -- Up-to-date symlink: /home/zhanghechao/workspace/ws/install/pmocha_experiments/share/pmocha_experiments/environment/ament_prefix_path.sh
[12.632s] -- Up-to-date symlink: /home/zhanghechao/workspace/ws/install/pmocha_experiments/share/pmocha_experiments/environment/ament_prefix_path.dsv
[12.632s] -- Up-to-date symlink: /home/zhanghechao/workspace/ws/install/pmocha_experiments/share/pmocha_experiments/environment/path.sh
[12.632s] -- Up-to-date symlink: /home/zhanghechao/workspace/ws/install/pmocha_experiments/share/pmocha_experiments/environment/path.dsv
[12.633s] -- Up-to-date symlink: /home/zhanghechao/workspace/ws/install/pmocha_experiments/share/pmocha_experiments/local_setup.bash
[12.633s] -- Up-to-date symlink: /home/zhanghechao/workspace/ws/install/pmocha_experiments/share/pmocha_experiments/local_setup.sh
[12.633s] -- Up-to-date symlink: /home/zhanghechao/workspace/ws/install/pmocha_experiments/share/pmocha_experiments/local_setup.zsh
[12.633s] -- Up-to-date symlink: /home/zhanghechao/workspace/ws/install/pmocha_experiments/share/pmocha_experiments/local_setup.dsv
[12.634s] -- Symlinking: /home/zhanghechao/workspace/ws/install/pmocha_experiments/share/pmocha_experiments/package.dsv
[12.640s] -- Up-to-date symlink: /home/zhanghechao/workspace/ws/install/pmocha_experiments/share/ament_index/resource_index/packages/pmocha_experiments
[12.640s] -- Up-to-date symlink: /home/zhanghechao/workspace/ws/install/pmocha_experiments/share/pmocha_experiments/cmake/pmocha_experimentsConfig.cmake
[12.640s] -- Up-to-date symlink: /home/zhanghechao/workspace/ws/install/pmocha_experiments/share/pmocha_experiments/cmake/pmocha_experimentsConfig-version.cmake
[12.641s] -- Up-to-date symlink: /home/zhanghechao/workspace/ws/install/pmocha_experiments/share/pmocha_experiments/package.xml
[12.642s] Invoked command in '/home/zhanghechao/workspace/ws/build/pmocha_experiments' returned '0': CMAKE_PREFIX_PATH=${CMAKE_PREFIX_PATH}:/opt/ros/humble /usr/bin/cmake --install /home/zhanghechao/workspace/ws/build/pmocha_experiments
