[0.000000] (-) TimerEvent: {}
[0.000052] (-) JobUnselected: {'identifier': 'dynamic_occpuancy_map'}
[0.000180] (-) JobUnselected: {'identifier': 'dynus'}
[0.000191] (-) JobUnselected: {'identifier': 'mocha_planner'}
[0.000201] (-) JobUnselected: {'identifier': 'rast_corridor_planning'}
[0.000211] (pmocha_experiments) JobQueued: {'identifier': 'pmocha_experiments', 'dependencies': OrderedDict()}
[0.000364] (pmocha_experiments) JobStarted: {'identifier': 'pmocha_experiments'}
[0.005155] (pmocha_experiments) JobProgress: {'identifier': 'pmocha_experiments', 'progress': 'cmake'}
[0.005448] (pmocha_experiments) JobProgress: {'identifier': 'pmocha_experiments', 'progress': 'build'}
[0.005871] (pmocha_experiments) Command: {'cmd': ['/usr/bin/cmake', '--build', '/home/zhanghechao/workspace/ws/build/pmocha_experiments', '--', '-j8', '-l8'], 'cwd': '/home/zhanghechao/workspace/ws/build/pmocha_experiments', 'env': OrderedDict([('GJS_DEBUG_TOPICS', 'JS ERROR;JS LOG'), ('LESSOPEN', '| /usr/bin/lesspipe %s'), ('VSCODE_CWD', '/home/zhanghechao'), ('CURSOR_EXTENSION_HOST_ROLE', 'agent-exec'), ('VSCODE_ESM_ENTRYPOINT', 'vs/workbench/api/node/extensionHostProcess'), ('LANGUAGE', 'zh_CN:zh:en_US:en'), ('USER', 'zhanghechao'), ('LC_TIME', 'zh_CN.UTF-8'), ('VSCODE_NLS_CONFIG', '{"userLocale":"zh-cn","osLocale":"zh-cn","resolvedLanguage":"zh-cn","defaultMessagesFile":"/usr/share/cursor/resources/app/out/nls.messages.json","languagePack":{"translationsConfigFile":"/home/zhanghechao/.config/Cursor/clp/3bfb7f1471a52e527cfc1587dd57c7c1.zh-cn/tcf.json","messagesFile":"/home/zhanghechao/.config/Cursor/clp/3bfb7f1471a52e527cfc1587dd57c7c1.zh-cn/fce1e9ab7844f9ea35793da01e634aa7e50bce90/nls.messages.json","corruptMarkerFile":"/home/zhanghechao/.config/Cursor/clp/3bfb7f1471a52e527cfc1587dd57c7c1.zh-cn/corrupted.info"},"locale":"zh-cn","availableLanguages":{"*":"zh-cn"},"_languagePackId":"3bfb7f1471a52e527cfc1587dd57c7c1.zh-cn","_languagePackSupport":true,"_translationsConfigFile":"/home/zhanghechao/.config/Cursor/clp/3bfb7f1471a52e527cfc1587dd57c7c1.zh-cn/tcf.json","_cacheRoot":"/home/zhanghechao/.config/Cursor/clp/3bfb7f1471a52e527cfc1587dd57c7c1.zh-cn","_resolvedLanguagePackCoreLocation":"/home/zhanghechao/.config/Cursor/clp/3bfb7f1471a52e527cfc1587dd57c7c1.zh-cn/fce1e9ab7844f9ea35793da01e634aa7e50bce90","_corruptedFile":"/home/zhanghechao/.config/Cursor/clp/3bfb7f1471a52e527cfc1587dd57c7c1.zh-cn/corrupted.info"}'), ('VSCODE_HANDLES_UNCAUGHT_ERRORS', 'true'), ('XDG_SESSION_TYPE', 'x11'), ('SHLVL', '0'), ('LD_LIBRARY_PATH', '/usr/lib/x86_64-linux-gnu/gazebo-11/plugins:/opt/ros/humble/opt/rviz_ogre_vendor/lib:/opt/ros/humble/lib/x86_64-linux-gnu:/opt/ros/humble/lib'), ('HOME', '/home/zhanghechao'), ('CHROME_DESKTOP', 'cursor.desktop'), ('DESKTOP_SESSION', 'ubuntu'), ('VSCODE_IPC_HOOK', '/run/user/1000/vscode-1fff4d92-3.1.-main.sock'), ('GIO_LAUNCHED_DESKTOP_FILE', '/usr/share/applications/cursor.desktop'), ('ROS_PYTHON_VERSION', '3'), ('GNOME_SHELL_SESSION_MODE', 'ubuntu'), ('GTK_MODULES', 'gail:atk-bridge'), ('LC_MONETARY', 'zh_CN.UTF-8'), ('CURSOR_WORKSPACE_LABEL', 'ws'), ('MANAGERPID', '1954'), ('SYSTEMD_EXEC_PID', '2255'), ('NO_COLOR', '1'), ('DBUS_SESSION_BUS_ADDRESS', 'unix:path=/run/user/1000/bus'), ('GIO_LAUNCHED_DESKTOP_FILE_PID', '4013'), ('VSCODE_CRASH_REPORTER_PROCESS_TYPE', 'extensionHost'), ('IM_CONFIG_PHASE', '1'), ('COLCON_PREFIX_PATH', '/home/zhanghechao/workspace/ws/install'), ('ROS_DISTRO', 'humble'), ('GTK_IM_MODULE', 'fcitx'), ('LOGNAME', 'zhanghechao'), ('FORCE_COLOR', '0'), ('JOURNAL_STREAM', '8:13831'), ('_', '/usr/bin/colcon'), ('ROS_VERSION', '2'), ('CURSOR_LAYOUT', 'unifiedAgent'), ('XDG_SESSION_CLASS', 'user'), ('USERNAME', 'zhanghechao'), ('TERM', 'dumb'), ('GNOME_DESKTOP_SESSION_ID', 'this-is-deprecated'), ('FC_FONTATIONS', '1'), ('ROS_LOCALHOST_ONLY', '0'), ('WINDOWPATH', '2'), ('PATH', '/home/zhanghechao/.local/bin:/usr/share/cursor/resources/app/resources/helpers:/home/zhanghechao/.local/bin:/opt/ros/humble/bin:/home/zhanghechao/.local/bin:/usr/local/sbin:/usr/local/bin:/usr/sbin:/usr/bin:/sbin:/bin:/usr/games:/usr/local/games:/snap/bin:/snap/bin'), ('SESSION_MANAGER', 'local/zhanghechao-ThinkBook-15-G2-ITL:@/tmp/.ICE-unix/2228,unix/zhanghechao-ThinkBook-15-G2-ITL:/tmp/.ICE-unix/2228'), ('INVOCATION_ID', 'c3bf6f3c7340401eb80a172427b3761e'), ('XDG_MENU_PREFIX', 'gnome-'), ('LC_ADDRESS', 'zh_CN.UTF-8'), ('VSCODE_PROCESS_TITLE', 'extension-host (agent-exec) ws [3-14]'), ('XDG_RUNTIME_DIR', '/run/user/1000'), ('GDK_BACKEND', 'x11'), ('CURSOR_AGENT', '1'), ('DISPLAY', ':1'), ('LANG', 'zh_CN.UTF-8'), ('XDG_CURRENT_DESKTOP', 'ubuntu:GNOME'), ('LC_TELEPHONE', 'zh_CN.UTF-8'), ('XMODIFIERS', '@im=fcitx'), ('XDG_SESSION_DESKTOP', 'ubuntu'), ('XAUTHORITY', '/run/user/1000/gdm/Xauthority'), ('LS_COLORS', ''), ('SSH_AGENT_LAUNCHER', 'gnome-keyring'), ('SSH_AUTH_SOCK', '/run/user/1000/keyring/ssh'), ('AMENT_PREFIX_PATH', '/home/zhanghechao/workspace/ws/install/pmocha_experiments:/opt/ros/humble'), ('SHELL', '/bin/bash'), ('LC_NAME', 'zh_CN.UTF-8'), ('QT_ACCESSIBILITY', '1'), ('GDMSESSION', 'ubuntu'), ('LESSCLOSE', '/usr/bin/lesspipe %s %s'), ('LC_MEASUREMENT', 'zh_CN.UTF-8'), ('GPG_AGENT_INFO', '/run/user/1000/gnupg/S.gpg-agent:0:1'), ('GJS_DEBUG_OUTPUT', 'stderr'), ('LC_IDENTIFICATION', 'zh_CN.UTF-8'), ('QT_IM_MODULE', 'fcitx'), ('PWD', '/home/zhanghechao/workspace/ws/build/pmocha_experiments'), ('XDG_CONFIG_DIRS', '/etc/xdg/xdg-ubuntu:/etc/xdg'), ('VSCODE_CODE_CACHE_PATH', '/home/zhanghechao/.config/Cursor/CachedData/fce1e9ab7844f9ea35793da01e634aa7e50bce90'), ('CLUTTER_IM_MODULE', 'fcitx'), ('XDG_DATA_DIRS', '/usr/share/ubuntu:/usr/share/gnome:/usr/local/share/:/usr/share/:/var/lib/snapd/desktop'), ('PYTHONPATH', '/opt/ros/humble/lib/python3.10/site-packages:/opt/ros/humble/local/lib/python3.10/dist-packages'), ('LC_NUMERIC', 'zh_CN.UTF-8'), ('LC_PAPER', 'zh_CN.UTF-8'), ('COLCON', '1'), ('_ZO_DOCTOR', '0'), ('CMAKE_PREFIX_PATH', '/home/zhanghechao/workspace/ws/install/pmocha_experiments:/opt/ros/humble'), ('VSCODE_PID', '4013')]), 'shell': False}
[0.099866] (-) TimerEvent: {}
[0.117346] (pmocha_experiments) StdoutLine: {'line': b'-- Override CMake install command with custom implementation using symlinks instead of copying resources\n'}
[0.166209] (pmocha_experiments) StdoutLine: {'line': b'-- Found rosidl_generator_c: 3.1.8 (/opt/ros/humble/share/rosidl_generator_c/cmake)\n'}
[0.170353] (pmocha_experiments) StdoutLine: {'line': b'-- Found rosidl_adapter: 3.1.8 (/opt/ros/humble/share/rosidl_adapter/cmake)\n'}
[0.179541] (pmocha_experiments) StdoutLine: {'line': b'-- Found rosidl_generator_cpp: 3.1.8 (/opt/ros/humble/share/rosidl_generator_cpp/cmake)\n'}
[0.190340] (pmocha_experiments) StdoutLine: {'line': b'-- Using all available rosidl_typesupport_c: rosidl_typesupport_fastrtps_c;rosidl_typesupport_introspection_c\n'}
[0.199980] (-) TimerEvent: {}
[0.205802] (pmocha_experiments) StdoutLine: {'line': b'-- Using all available rosidl_typesupport_cpp: rosidl_typesupport_fastrtps_cpp;rosidl_typesupport_introspection_cpp\n'}
[0.247262] (pmocha_experiments) StdoutLine: {'line': b'-- Found rmw_implementation_cmake: 6.1.2 (/opt/ros/humble/share/rmw_implementation_cmake/cmake)\n'}
[0.249755] (pmocha_experiments) StdoutLine: {'line': b'-- Found rmw_fastrtps_cpp: 6.2.10 (/opt/ros/humble/share/rmw_fastrtps_cpp/cmake)\n'}
[0.300094] (-) TimerEvent: {}
[0.318424] (pmocha_experiments) StdoutLine: {'line': b'-- Found OpenSSL: /usr/lib/x86_64-linux-gnu/libcrypto.so (found version "3.0.2")  \n'}
[0.338138] (pmocha_experiments) StdoutLine: {'line': b'-- Found FastRTPS: /opt/ros/humble/include  \n'}
[0.369926] (pmocha_experiments) StdoutLine: {'line': b"-- Using RMW implementation 'rmw_fastrtps_cpp' as default\n"}
[0.380138] (pmocha_experiments) StdoutLine: {'line': b'-- Looking for C++ include pthread.h\n'}
[0.400203] (-) TimerEvent: {}
[0.445654] (pmocha_experiments) StdoutLine: {'line': b'-- Looking for C++ include pthread.h - found\n'}
[0.445859] (pmocha_experiments) StdoutLine: {'line': b'-- Performing Test CMAKE_HAVE_LIBC_PTHREAD\n'}
[0.500306] (-) TimerEvent: {}
[0.518428] (pmocha_experiments) StdoutLine: {'line': b'-- Performing Test CMAKE_HAVE_LIBC_PTHREAD - Success\n'}
[0.519631] (pmocha_experiments) StdoutLine: {'line': b'-- Found Threads: TRUE  \n'}
[0.600424] (-) TimerEvent: {}
[0.700641] (-) TimerEvent: {}
[0.761088] (pmocha_experiments) StderrLine: {'line': b'CMake Error at /opt/ros/humble/share/ament_cmake_target_dependencies/cmake/ament_target_dependencies.cmake:145 (target_link_libraries):\n'}
[0.761379] (pmocha_experiments) StderrLine: {'line': b'  The keyword signature for target_link_libraries has already been used with\n'}
[0.761449] (pmocha_experiments) StderrLine: {'line': b'  the target "perception_grid_node".  All uses of target_link_libraries with\n'}
[0.761509] (pmocha_experiments) StderrLine: {'line': b'  a target must be either all-keyword or all-plain.\n'}
[0.761570] (pmocha_experiments) StderrLine: {'line': b'\n'}
[0.761654] (pmocha_experiments) StderrLine: {'line': b'  The uses of the keyword signature are here:\n'}
[0.761720] (pmocha_experiments) StderrLine: {'line': b'\n'}
[0.761780] (pmocha_experiments) StderrLine: {'line': b'   * CMakeLists.txt:67 (target_link_libraries)\n'}
[0.761841] (pmocha_experiments) StderrLine: {'line': b'\n'}
[0.761901] (pmocha_experiments) StderrLine: {'line': b'Call Stack (most recent call first):\n'}
[0.761968] (pmocha_experiments) StderrLine: {'line': b'  CMakeLists.txt:68 (ament_target_dependencies)\n'}
[0.762032] (pmocha_experiments) StderrLine: {'line': b'\n'}
[0.762101] (pmocha_experiments) StderrLine: {'line': b'\n'}
[0.800727] (-) TimerEvent: {}
[0.811257] (pmocha_experiments) StdoutLine: {'line': b'-- Configuring incomplete, errors occurred!\n'}
[0.811385] (pmocha_experiments) StdoutLine: {'line': b'See also "/home/zhanghechao/workspace/ws/build/pmocha_experiments/CMakeFiles/CMakeOutput.log".\n'}
[0.817316] (pmocha_experiments) StderrLine: {'line': b'gmake: *** [Makefile:499\xef\xbc\x9acmake_check_build_system] \xe9\x94\x99\xe8\xaf\xaf 1\n'}
[0.818718] (pmocha_experiments) CommandEnded: {'returncode': 2}
[0.829742] (pmocha_experiments) JobEnded: {'identifier': 'pmocha_experiments', 'rc': 2}
[0.840351] (-) EventReactorShutdown: {}
