[0.006s] Invoking command in '/home/zhanghechao/workspace/ws/build/pmocha_experiments': CMAKE_PREFIX_PATH=${CMAKE_PREFIX_PATH}:/opt/ros/humble /usr/bin/cmake --build /home/zhanghechao/workspace/ws/build/pmocha_experiments -- -j8 -l8
[0.117s] -- Override CMake install command with custom implementation using symlinks instead of copying resources
[0.166s] -- Found rosidl_generator_c: 3.1.8 (/opt/ros/humble/share/rosidl_generator_c/cmake)
[0.170s] -- Found rosidl_adapter: 3.1.8 (/opt/ros/humble/share/rosidl_adapter/cmake)
[0.179s] -- Found rosidl_generator_cpp: 3.1.8 (/opt/ros/humble/share/rosidl_generator_cpp/cmake)
[0.190s] -- Using all available rosidl_typesupport_c: rosidl_typesupport_fastrtps_c;rosidl_typesupport_introspection_c
[0.206s] -- Using all available rosidl_typesupport_cpp: rosidl_typesupport_fastrtps_cpp;rosidl_typesupport_introspection_cpp
[0.247s] -- Found rmw_implementation_cmake: 6.1.2 (/opt/ros/humble/share/rmw_implementation_cmake/cmake)
[0.250s] -- Found rmw_fastrtps_cpp: 6.2.10 (/opt/ros/humble/share/rmw_fastrtps_cpp/cmake)
[0.318s] -- Found OpenSSL: /usr/lib/x86_64-linux-gnu/libcrypto.so (found version "3.0.2")  
[0.338s] -- Found FastRTPS: /opt/ros/humble/include  
[0.370s] -- Using RMW implementation 'rmw_fastrtps_cpp' as default
[0.380s] -- Looking for C++ include pthread.h
[0.445s] -- Looking for C++ include pthread.h - found
[0.446s] -- Performing Test CMAKE_HAVE_LIBC_PTHREAD
[0.518s] -- Performing Test CMAKE_HAVE_LIBC_PTHREAD - Success
[0.519s] -- Found Threads: TRUE  
[0.761s] CMake Error at /opt/ros/humble/share/ament_cmake_target_dependencies/cmake/ament_target_dependencies.cmake:145 (target_link_libraries):
[0.761s]   The keyword signature for target_link_libraries has already been used with
[0.761s]   the target "perception_grid_node".  All uses of target_link_libraries with
[0.761s]   a target must be either all-keyword or all-plain.
[0.761s] 
[0.761s]   The uses of the keyword signature are here:
[0.761s] 
[0.761s]    * CMakeLists.txt:67 (target_link_libraries)
[0.762s] 
[0.762s] Call Stack (most recent call first):
[0.762s]   CMakeLists.txt:68 (ament_target_dependencies)
[0.762s] 
[0.762s] 
[0.811s] -- Configuring incomplete, errors occurred!
[0.811s] See also "/home/zhanghechao/workspace/ws/build/pmocha_experiments/CMakeFiles/CMakeOutput.log".
[0.817s] gmake: *** [Makefile:499：cmake_check_build_system] 错误 1
[0.819s] Invoked command in '/home/zhanghechao/workspace/ws/build/pmocha_experiments' returned '2': CMAKE_PREFIX_PATH=${CMAKE_PREFIX_PATH}:/opt/ros/humble /usr/bin/cmake --build /home/zhanghechao/workspace/ws/build/pmocha_experiments -- -j8 -l8
