[0.119s] DEBUG:colcon:Command line arguments: ['/usr/bin/colcon', 'build', '--packages-select', 'pmocha_experiments', '--cmake-args', '-DCMAKE_BUILD_TYPE=Release']
[0.119s] DEBUG:colcon:Parsed command line arguments: Namespace(log_base=None, log_level=None, verb_name='build', build_base='build', install_base='install', merge_install=False, symlink_install=False, test_result_base=None, continue_on_error=False, executor='parallel', parallel_workers=8, event_handlers=None, ignore_user_meta=False, metas=['./colcon.meta'], base_paths=['.'], packages_ignore=None, packages_ignore_regex=None, paths=None, packages_up_to=None, packages_up_to_regex=None, packages_above=None, packages_above_and_dependencies=None, packages_above_depth=None, packages_select_by_dep=None, packages_skip_by_dep=None, packages_skip_up_to=None, packages_select_build_failed=False, packages_skip_build_finished=False, packages_select_test_failures=False, packages_skip_test_passed=False, packages_select=['pmocha_experiments'], packages_skip=None, packages_select_regex=None, packages_skip_regex=None, packages_start=None, packages_end=None, allow_overriding=[], cmake_args=['-DCMAKE_BUILD_TYPE=Release'], cmake_target=None, cmake_target_skip_unavailable=False, cmake_clean_cache=False, cmake_clean_first=False, cmake_force_configure=False, ament_cmake_args=None, catkin_cmake_args=None, catkin_skip_building_tests=False, verb_parser=<colcon_defaults.argument_parser.defaults.DefaultArgumentsDecorator object at 0x716f36278040>, verb_extension=<colcon_core.verb.build.BuildVerb object at 0x716f3623fa00>, main=<bound method BuildVerb.main of <colcon_core.verb.build.BuildVerb object at 0x716f3623fa00>>)
[0.287s] Level 1:colcon.colcon_core.package_discovery:discover_packages(colcon_meta) check parameters
[0.287s] Level 1:colcon.colcon_core.package_discovery:discover_packages(recursive) check parameters
[0.287s] Level 1:colcon.colcon_core.package_discovery:discover_packages(ignore) check parameters
[0.287s] Level 1:colcon.colcon_core.package_discovery:discover_packages(path) check parameters
[0.287s] Level 1:colcon.colcon_core.package_discovery:discover_packages(colcon_meta) discover
[0.288s] Level 1:colcon.colcon_core.package_discovery:discover_packages(recursive) discover
[0.288s] INFO:colcon.colcon_core.package_discovery:Crawling recursively for packages in '/home/zhanghechao/workspace/ws'
[0.288s] Level 1:colcon.colcon_core.package_identification:_identify(.) by extensions ['ignore', 'ignore_ament_install']
[0.288s] Level 1:colcon.colcon_core.package_identification:_identify(.) by extension 'ignore'
[0.288s] Level 1:colcon.colcon_core.package_identification:_identify(.) by extension 'ignore_ament_install'
[0.288s] Level 1:colcon.colcon_core.package_identification:_identify(.) by extensions ['colcon_pkg']
[0.288s] Level 1:colcon.colcon_core.package_identification:_identify(.) by extension 'colcon_pkg'
[0.288s] Level 1:colcon.colcon_core.package_identification:_identify(.) by extensions ['colcon_meta']
[0.288s] Level 1:colcon.colcon_core.package_identification:_identify(.) by extension 'colcon_meta'
[0.288s] Level 1:colcon.colcon_core.package_identification:_identify(.) by extensions ['ros']
[0.288s] Level 1:colcon.colcon_core.package_identification:_identify(.) by extension 'ros'
[0.298s] Level 1:colcon.colcon_core.package_identification:_identify(.) by extensions ['cmake', 'python']
[0.298s] Level 1:colcon.colcon_core.package_identification:_identify(.) by extension 'cmake'
[0.298s] Level 1:colcon.colcon_core.package_identification:_identify(.) by extension 'python'
[0.298s] Level 1:colcon.colcon_core.package_identification:_identify(.) by extensions ['python_setup_py']
[0.298s] Level 1:colcon.colcon_core.package_identification:_identify(.) by extension 'python_setup_py'
[0.298s] Level 1:colcon.colcon_core.package_identification:_identify(DSP-map) by extensions ['ignore', 'ignore_ament_install']
[0.298s] Level 1:colcon.colcon_core.package_identification:_identify(DSP-map) by extension 'ignore'
[0.298s] Level 1:colcon.colcon_core.package_identification:_identify(DSP-map) by extension 'ignore_ament_install'
[0.298s] Level 1:colcon.colcon_core.package_identification:_identify(DSP-map) by extensions ['colcon_pkg']
[0.298s] Level 1:colcon.colcon_core.package_identification:_identify(DSP-map) by extension 'colcon_pkg'
[0.298s] Level 1:colcon.colcon_core.package_identification:_identify(DSP-map) by extensions ['colcon_meta']
[0.298s] Level 1:colcon.colcon_core.package_identification:_identify(DSP-map) by extension 'colcon_meta'
[0.298s] Level 1:colcon.colcon_core.package_identification:_identify(DSP-map) by extensions ['ros']
[0.298s] Level 1:colcon.colcon_core.package_identification:_identify(DSP-map) by extension 'ros'
[0.300s] DEBUG:colcon.colcon_core.package_identification:Package 'DSP-map' with type 'ros.catkin' and name 'dynamic_occpuancy_map'
[0.300s] Level 1:colcon.colcon_core.package_identification:_identify(MOCHA) by extensions ['ignore', 'ignore_ament_install']
[0.300s] Level 1:colcon.colcon_core.package_identification:_identify(MOCHA) by extension 'ignore'
[0.300s] Level 1:colcon.colcon_core.package_identification:_identify(MOCHA) by extension 'ignore_ament_install'
[0.300s] Level 1:colcon.colcon_core.package_identification:_identify(MOCHA) by extensions ['colcon_pkg']
[0.300s] Level 1:colcon.colcon_core.package_identification:_identify(MOCHA) by extension 'colcon_pkg'
[0.300s] Level 1:colcon.colcon_core.package_identification:_identify(MOCHA) by extensions ['colcon_meta']
[0.300s] Level 1:colcon.colcon_core.package_identification:_identify(MOCHA) by extension 'colcon_meta'
[0.300s] Level 1:colcon.colcon_core.package_identification:_identify(MOCHA) by extensions ['ros']
[0.300s] Level 1:colcon.colcon_core.package_identification:_identify(MOCHA) by extension 'ros'
[0.300s] Level 1:colcon.colcon_core.package_identification:_identify(MOCHA) by extensions ['cmake', 'python']
[0.300s] Level 1:colcon.colcon_core.package_identification:_identify(MOCHA) by extension 'cmake'
[0.300s] Level 1:colcon.colcon_core.package_identification:_identify(MOCHA) by extension 'python'
[0.300s] Level 1:colcon.colcon_core.package_identification:_identify(MOCHA) by extensions ['python_setup_py']
[0.300s] Level 1:colcon.colcon_core.package_identification:_identify(MOCHA) by extension 'python_setup_py'
[0.300s] Level 1:colcon.colcon_core.package_identification:_identify(MOCHA/mocha_planner) by extensions ['ignore', 'ignore_ament_install']
[0.301s] Level 1:colcon.colcon_core.package_identification:_identify(MOCHA/mocha_planner) by extension 'ignore'
[0.301s] Level 1:colcon.colcon_core.package_identification:_identify(MOCHA/mocha_planner) by extension 'ignore_ament_install'
[0.301s] Level 1:colcon.colcon_core.package_identification:_identify(MOCHA/mocha_planner) by extensions ['colcon_pkg']
[0.301s] Level 1:colcon.colcon_core.package_identification:_identify(MOCHA/mocha_planner) by extension 'colcon_pkg'
[0.301s] Level 1:colcon.colcon_core.package_identification:_identify(MOCHA/mocha_planner) by extensions ['colcon_meta']
[0.301s] Level 1:colcon.colcon_core.package_identification:_identify(MOCHA/mocha_planner) by extension 'colcon_meta'
[0.301s] Level 1:colcon.colcon_core.package_identification:_identify(MOCHA/mocha_planner) by extensions ['ros']
[0.301s] Level 1:colcon.colcon_core.package_identification:_identify(MOCHA/mocha_planner) by extension 'ros'
[0.301s] DEBUG:colcon.colcon_core.package_identification:Package 'MOCHA/mocha_planner' with type 'ros.cmake' and name 'mocha_planner'
[0.301s] Level 1:colcon.colcon_core.package_identification:_identify(MOCHA/pmocha_experiments) by extensions ['ignore', 'ignore_ament_install']
[0.301s] Level 1:colcon.colcon_core.package_identification:_identify(MOCHA/pmocha_experiments) by extension 'ignore'
[0.301s] Level 1:colcon.colcon_core.package_identification:_identify(MOCHA/pmocha_experiments) by extension 'ignore_ament_install'
[0.301s] Level 1:colcon.colcon_core.package_identification:_identify(MOCHA/pmocha_experiments) by extensions ['colcon_pkg']
[0.301s] Level 1:colcon.colcon_core.package_identification:_identify(MOCHA/pmocha_experiments) by extension 'colcon_pkg'
[0.301s] Level 1:colcon.colcon_core.package_identification:_identify(MOCHA/pmocha_experiments) by extensions ['colcon_meta']
[0.301s] Level 1:colcon.colcon_core.package_identification:_identify(MOCHA/pmocha_experiments) by extension 'colcon_meta'
[0.301s] Level 1:colcon.colcon_core.package_identification:_identify(MOCHA/pmocha_experiments) by extensions ['ros']
[0.301s] Level 1:colcon.colcon_core.package_identification:_identify(MOCHA/pmocha_experiments) by extension 'ros'
[0.302s] DEBUG:colcon.colcon_core.package_identification:Package 'MOCHA/pmocha_experiments' with type 'ros.ament_cmake' and name 'pmocha_experiments'
[0.302s] Level 1:colcon.colcon_core.package_identification:_identify(RAST_corridor_planning) by extensions ['ignore', 'ignore_ament_install']
[0.302s] Level 1:colcon.colcon_core.package_identification:_identify(RAST_corridor_planning) by extension 'ignore'
[0.302s] Level 1:colcon.colcon_core.package_identification:_identify(RAST_corridor_planning) by extension 'ignore_ament_install'
[0.302s] Level 1:colcon.colcon_core.package_identification:_identify(RAST_corridor_planning) by extensions ['colcon_pkg']
[0.302s] Level 1:colcon.colcon_core.package_identification:_identify(RAST_corridor_planning) by extension 'colcon_pkg'
[0.302s] Level 1:colcon.colcon_core.package_identification:_identify(RAST_corridor_planning) by extensions ['colcon_meta']
[0.302s] Level 1:colcon.colcon_core.package_identification:_identify(RAST_corridor_planning) by extension 'colcon_meta'
[0.302s] Level 1:colcon.colcon_core.package_identification:_identify(RAST_corridor_planning) by extensions ['ros']
[0.302s] Level 1:colcon.colcon_core.package_identification:_identify(RAST_corridor_planning) by extension 'ros'
[0.303s] DEBUG:colcon.colcon_core.package_identification:Package 'RAST_corridor_planning' with type 'ros.catkin' and name 'rast_corridor_planning'
[0.303s] Level 1:colcon.colcon_core.package_identification:_identify(build) by extensions ['ignore', 'ignore_ament_install']
[0.303s] Level 1:colcon.colcon_core.package_identification:_identify(build) by extension 'ignore'
[0.303s] Level 1:colcon.colcon_core.package_identification:_identify(build) ignored
[0.303s] Level 1:colcon.colcon_core.package_identification:_identify(docs) by extensions ['ignore', 'ignore_ament_install']
[0.303s] Level 1:colcon.colcon_core.package_identification:_identify(docs) by extension 'ignore'
[0.303s] Level 1:colcon.colcon_core.package_identification:_identify(docs) by extension 'ignore_ament_install'
[0.303s] Level 1:colcon.colcon_core.package_identification:_identify(docs) by extensions ['colcon_pkg']
[0.303s] Level 1:colcon.colcon_core.package_identification:_identify(docs) by extension 'colcon_pkg'
[0.303s] Level 1:colcon.colcon_core.package_identification:_identify(docs) by extensions ['colcon_meta']
[0.303s] Level 1:colcon.colcon_core.package_identification:_identify(docs) by extension 'colcon_meta'
[0.303s] Level 1:colcon.colcon_core.package_identification:_identify(docs) by extensions ['ros']
[0.303s] Level 1:colcon.colcon_core.package_identification:_identify(docs) by extension 'ros'
[0.303s] Level 1:colcon.colcon_core.package_identification:_identify(docs) by extensions ['cmake', 'python']
[0.303s] Level 1:colcon.colcon_core.package_identification:_identify(docs) by extension 'cmake'
[0.303s] Level 1:colcon.colcon_core.package_identification:_identify(docs) by extension 'python'
[0.303s] Level 1:colcon.colcon_core.package_identification:_identify(docs) by extensions ['python_setup_py']
[0.303s] Level 1:colcon.colcon_core.package_identification:_identify(docs) by extension 'python_setup_py'
[0.303s] Level 1:colcon.colcon_core.package_identification:_identify(dynus) by extensions ['ignore', 'ignore_ament_install']
[0.304s] Level 1:colcon.colcon_core.package_identification:_identify(dynus) by extension 'ignore'
[0.304s] Level 1:colcon.colcon_core.package_identification:_identify(dynus) by extension 'ignore_ament_install'
[0.304s] Level 1:colcon.colcon_core.package_identification:_identify(dynus) by extensions ['colcon_pkg']
[0.304s] Level 1:colcon.colcon_core.package_identification:_identify(dynus) by extension 'colcon_pkg'
[0.304s] Level 1:colcon.colcon_core.package_identification:_identify(dynus) by extensions ['colcon_meta']
[0.304s] Level 1:colcon.colcon_core.package_identification:_identify(dynus) by extension 'colcon_meta'
[0.304s] Level 1:colcon.colcon_core.package_identification:_identify(dynus) by extensions ['ros']
[0.304s] Level 1:colcon.colcon_core.package_identification:_identify(dynus) by extension 'ros'
[0.305s] DEBUG:colcon.colcon_core.package_identification:Package 'dynus' with type 'ros.ament_cmake' and name 'dynus'
[0.305s] Level 1:colcon.colcon_core.package_identification:_identify(install) by extensions ['ignore', 'ignore_ament_install']
[0.305s] Level 1:colcon.colcon_core.package_identification:_identify(install) by extension 'ignore'
[0.305s] Level 1:colcon.colcon_core.package_identification:_identify(install) ignored
[0.305s] Level 1:colcon.colcon_core.package_identification:_identify(log) by extensions ['ignore', 'ignore_ament_install']
[0.305s] Level 1:colcon.colcon_core.package_identification:_identify(log) by extension 'ignore'
[0.305s] Level 1:colcon.colcon_core.package_identification:_identify(log) ignored
[0.305s] Level 1:colcon.colcon_core.package_discovery:discover_packages(recursive) using defaults
[0.305s] Level 1:colcon.colcon_core.package_discovery:discover_packages(ignore) discover
[0.305s] Level 1:colcon.colcon_core.package_discovery:discover_packages(ignore) using defaults
[0.305s] Level 1:colcon.colcon_core.package_discovery:discover_packages(path) discover
[0.305s] Level 1:colcon.colcon_core.package_discovery:discover_packages(path) using defaults
[0.335s] INFO:colcon.colcon_core.package_selection:Skipping not selected package 'dynamic_occpuancy_map' in 'DSP-map'
[0.335s] INFO:colcon.colcon_core.package_selection:Skipping not selected package 'dynus' in 'dynus'
[0.335s] INFO:colcon.colcon_core.package_selection:Skipping not selected package 'mocha_planner' in 'MOCHA/mocha_planner'
[0.335s] INFO:colcon.colcon_core.package_selection:Skipping not selected package 'rast_corridor_planning' in 'RAST_corridor_planning'
[0.335s] Level 1:colcon.colcon_core.package_discovery:discover_packages(prefix_path) check parameters
[0.335s] Level 1:colcon.colcon_core.package_discovery:discover_packages(prefix_path) discover
[0.338s] DEBUG:colcon.colcon_installed_package_information.package_discovery:Found 1 installed packages in /home/zhanghechao/workspace/ws/install
[0.338s] DEBUG:colcon.colcon_installed_package_information.package_discovery:Found 283 installed packages in /opt/ros/humble
[0.339s] Level 1:colcon.colcon_core.package_discovery:discover_packages(prefix_path) using defaults
[0.367s] Level 5:colcon.colcon_core.verb:set package 'pmocha_experiments' build argument 'cmake_args' from command line to '['-DCMAKE_BUILD_TYPE=Release']'
[0.367s] Level 5:colcon.colcon_core.verb:set package 'pmocha_experiments' build argument 'cmake_target' from command line to 'None'
[0.367s] Level 5:colcon.colcon_core.verb:set package 'pmocha_experiments' build argument 'cmake_target_skip_unavailable' from command line to 'False'
[0.367s] Level 5:colcon.colcon_core.verb:set package 'pmocha_experiments' build argument 'cmake_clean_cache' from command line to 'False'
[0.367s] Level 5:colcon.colcon_core.verb:set package 'pmocha_experiments' build argument 'cmake_clean_first' from command line to 'False'
[0.367s] Level 5:colcon.colcon_core.verb:set package 'pmocha_experiments' build argument 'cmake_force_configure' from command line to 'False'
[0.367s] Level 5:colcon.colcon_core.verb:set package 'pmocha_experiments' build argument 'ament_cmake_args' from command line to 'None'
[0.367s] Level 5:colcon.colcon_core.verb:set package 'pmocha_experiments' build argument 'catkin_cmake_args' from command line to 'None'
[0.367s] Level 5:colcon.colcon_core.verb:set package 'pmocha_experiments' build argument 'catkin_skip_building_tests' from command line to 'False'
[0.367s] DEBUG:colcon.colcon_core.verb:Building package 'pmocha_experiments' with the following arguments: {'ament_cmake_args': None, 'build_base': '/home/zhanghechao/workspace/ws/build/pmocha_experiments', 'catkin_cmake_args': None, 'catkin_skip_building_tests': False, 'cmake_args': ['-DCMAKE_BUILD_TYPE=Release'], 'cmake_clean_cache': False, 'cmake_clean_first': False, 'cmake_force_configure': False, 'cmake_target': None, 'cmake_target_skip_unavailable': False, 'install_base': '/home/zhanghechao/workspace/ws/install/pmocha_experiments', 'merge_install': False, 'path': '/home/zhanghechao/workspace/ws/MOCHA/pmocha_experiments', 'symlink_install': False, 'test_result_base': None}
[0.368s] INFO:colcon.colcon_core.executor:Executing jobs using 'parallel' executor
[0.368s] DEBUG:colcon.colcon_parallel_executor.executor.parallel:run_until_complete
[0.368s] INFO:colcon.colcon_ros.task.ament_cmake.build:Building ROS package in '/home/zhanghechao/workspace/ws/MOCHA/pmocha_experiments' with build type 'ament_cmake'
[0.369s] INFO:colcon.colcon_cmake.task.cmake.build:Building CMake package in '/home/zhanghechao/workspace/ws/MOCHA/pmocha_experiments'
[0.372s] INFO:colcon.colcon_core.plugin_system:Skipping extension 'colcon_core.shell.bat': Not used on non-Windows systems
[0.372s] INFO:colcon.colcon_core.shell:Skip shell extension 'powershell' for command environment: Not usable outside of PowerShell
[0.372s] DEBUG:colcon.colcon_core.shell:Skip shell extension 'dsv' for command environment
[0.379s] DEBUG:colcon.colcon_core.event_handler.log_command:Invoking command in '/home/zhanghechao/workspace/ws/build/pmocha_experiments': CMAKE_PREFIX_PATH=${CMAKE_PREFIX_PATH}:/opt/ros/humble /usr/bin/cmake --build /home/zhanghechao/workspace/ws/build/pmocha_experiments -- -j8 -l8
[12.506s] DEBUG:colcon.colcon_core.event_handler.log_command:Invoked command in '/home/zhanghechao/workspace/ws/build/pmocha_experiments' returned '0': CMAKE_PREFIX_PATH=${CMAKE_PREFIX_PATH}:/opt/ros/humble /usr/bin/cmake --build /home/zhanghechao/workspace/ws/build/pmocha_experiments -- -j8 -l8
[12.513s] DEBUG:colcon.colcon_core.event_handler.log_command:Invoking command in '/home/zhanghechao/workspace/ws/build/pmocha_experiments': CMAKE_PREFIX_PATH=${CMAKE_PREFIX_PATH}:/opt/ros/humble /usr/bin/cmake --install /home/zhanghechao/workspace/ws/build/pmocha_experiments
[12.533s] Level 1:colcon.colcon_core.environment:create_environment_scripts_only(pmocha_experiments)
[12.533s] DEBUG:colcon.colcon_core.event_handler.log_command:Invoked command in '/home/zhanghechao/workspace/ws/build/pmocha_experiments' returned '0': CMAKE_PREFIX_PATH=${CMAKE_PREFIX_PATH}:/opt/ros/humble /usr/bin/cmake --install /home/zhanghechao/workspace/ws/build/pmocha_experiments
[12.534s] Level 1:colcon.colcon_core.environment:checking '/home/zhanghechao/workspace/ws/install/pmocha_experiments' for CMake module files
[12.535s] Level 1:colcon.colcon_core.environment:checking '/home/zhanghechao/workspace/ws/install/pmocha_experiments' for CMake config files
[12.535s] Level 1:colcon.colcon_core.shell:create_environment_hook('pmocha_experiments', 'cmake_prefix_path')
[12.535s] INFO:colcon.colcon_core.shell:Creating environment hook '/home/zhanghechao/workspace/ws/install/pmocha_experiments/share/pmocha_experiments/hook/cmake_prefix_path.ps1'
[12.536s] INFO:colcon.colcon_core.shell:Creating environment descriptor '/home/zhanghechao/workspace/ws/install/pmocha_experiments/share/pmocha_experiments/hook/cmake_prefix_path.dsv'
[12.537s] INFO:colcon.colcon_core.shell:Creating environment hook '/home/zhanghechao/workspace/ws/install/pmocha_experiments/share/pmocha_experiments/hook/cmake_prefix_path.sh'
[12.537s] Level 1:colcon.colcon_core.environment:checking '/home/zhanghechao/workspace/ws/install/pmocha_experiments/lib'
[12.538s] Level 1:colcon.colcon_core.environment:checking '/home/zhanghechao/workspace/ws/install/pmocha_experiments/bin'
[12.538s] Level 1:colcon.colcon_core.environment:checking '/home/zhanghechao/workspace/ws/install/pmocha_experiments/lib/pkgconfig/pmocha_experiments.pc'
[12.538s] Level 1:colcon.colcon_core.environment:checking '/home/zhanghechao/workspace/ws/install/pmocha_experiments/lib/python3.10/site-packages'
[12.538s] Level 1:colcon.colcon_core.environment:checking '/home/zhanghechao/workspace/ws/install/pmocha_experiments/bin'
[12.539s] INFO:colcon.colcon_core.shell:Creating package script '/home/zhanghechao/workspace/ws/install/pmocha_experiments/share/pmocha_experiments/package.ps1'
[12.540s] INFO:colcon.colcon_core.shell:Creating package descriptor '/home/zhanghechao/workspace/ws/install/pmocha_experiments/share/pmocha_experiments/package.dsv'
[12.540s] INFO:colcon.colcon_core.shell:Creating package script '/home/zhanghechao/workspace/ws/install/pmocha_experiments/share/pmocha_experiments/package.sh'
[12.540s] INFO:colcon.colcon_core.shell:Creating package script '/home/zhanghechao/workspace/ws/install/pmocha_experiments/share/pmocha_experiments/package.bash'
[12.541s] INFO:colcon.colcon_core.shell:Creating package script '/home/zhanghechao/workspace/ws/install/pmocha_experiments/share/pmocha_experiments/package.zsh'
[12.541s] Level 1:colcon.colcon_core.environment:create_file_with_runtime_dependencies(/home/zhanghechao/workspace/ws/install/pmocha_experiments/share/colcon-core/packages/pmocha_experiments)
[12.542s] Level 1:colcon.colcon_core.environment:create_environment_scripts_only(pmocha_experiments)
[12.542s] Level 1:colcon.colcon_core.environment:checking '/home/zhanghechao/workspace/ws/install/pmocha_experiments' for CMake module files
[12.542s] Level 1:colcon.colcon_core.environment:checking '/home/zhanghechao/workspace/ws/install/pmocha_experiments' for CMake config files
[12.542s] Level 1:colcon.colcon_core.shell:create_environment_hook('pmocha_experiments', 'cmake_prefix_path')
[12.543s] INFO:colcon.colcon_core.shell:Creating environment hook '/home/zhanghechao/workspace/ws/install/pmocha_experiments/share/pmocha_experiments/hook/cmake_prefix_path.ps1'
[12.543s] INFO:colcon.colcon_core.shell:Creating environment descriptor '/home/zhanghechao/workspace/ws/install/pmocha_experiments/share/pmocha_experiments/hook/cmake_prefix_path.dsv'
[12.543s] INFO:colcon.colcon_core.shell:Creating environment hook '/home/zhanghechao/workspace/ws/install/pmocha_experiments/share/pmocha_experiments/hook/cmake_prefix_path.sh'
[12.543s] Level 1:colcon.colcon_core.environment:checking '/home/zhanghechao/workspace/ws/install/pmocha_experiments/lib'
[12.543s] Level 1:colcon.colcon_core.environment:checking '/home/zhanghechao/workspace/ws/install/pmocha_experiments/bin'
[12.543s] Level 1:colcon.colcon_core.environment:checking '/home/zhanghechao/workspace/ws/install/pmocha_experiments/lib/pkgconfig/pmocha_experiments.pc'
[12.544s] Level 1:colcon.colcon_core.environment:checking '/home/zhanghechao/workspace/ws/install/pmocha_experiments/lib/python3.10/site-packages'
[12.544s] Level 1:colcon.colcon_core.environment:checking '/home/zhanghechao/workspace/ws/install/pmocha_experiments/bin'
[12.544s] INFO:colcon.colcon_core.shell:Creating package script '/home/zhanghechao/workspace/ws/install/pmocha_experiments/share/pmocha_experiments/package.ps1'
[12.544s] INFO:colcon.colcon_core.shell:Creating package descriptor '/home/zhanghechao/workspace/ws/install/pmocha_experiments/share/pmocha_experiments/package.dsv'
[12.545s] INFO:colcon.colcon_core.shell:Creating package script '/home/zhanghechao/workspace/ws/install/pmocha_experiments/share/pmocha_experiments/package.sh'
[12.545s] INFO:colcon.colcon_core.shell:Creating package script '/home/zhanghechao/workspace/ws/install/pmocha_experiments/share/pmocha_experiments/package.bash'
[12.545s] INFO:colcon.colcon_core.shell:Creating package script '/home/zhanghechao/workspace/ws/install/pmocha_experiments/share/pmocha_experiments/package.zsh'
[12.545s] Level 1:colcon.colcon_core.environment:create_file_with_runtime_dependencies(/home/zhanghechao/workspace/ws/install/pmocha_experiments/share/colcon-core/packages/pmocha_experiments)
[12.545s] DEBUG:colcon.colcon_parallel_executor.executor.parallel:closing loop
[12.546s] DEBUG:colcon.colcon_parallel_executor.executor.parallel:loop closed
[12.546s] DEBUG:colcon.colcon_parallel_executor.executor.parallel:run_until_complete finished with '0'
[12.546s] DEBUG:colcon.colcon_core.event_reactor:joining thread
[12.549s] INFO:colcon.colcon_core.plugin_system:Skipping extension 'colcon_notification.desktop_notification.terminal_notifier': Not used on non-Darwin systems
[12.549s] INFO:colcon.colcon_core.plugin_system:Skipping extension 'colcon_notification.desktop_notification.win32': Not used on non-Windows systems
[12.549s] INFO:colcon.colcon_notification.desktop_notification:Sending desktop notification using 'notify2'
[12.559s] DEBUG:colcon.colcon_core.event_reactor:joined thread
[12.559s] INFO:colcon.colcon_core.shell:Creating prefix script '/home/zhanghechao/workspace/ws/install/local_setup.ps1'
[12.560s] INFO:colcon.colcon_core.shell:Creating prefix util module '/home/zhanghechao/workspace/ws/install/_local_setup_util_ps1.py'
[12.561s] INFO:colcon.colcon_core.shell:Creating prefix chain script '/home/zhanghechao/workspace/ws/install/setup.ps1'
[12.562s] INFO:colcon.colcon_core.shell:Creating prefix script '/home/zhanghechao/workspace/ws/install/local_setup.sh'
[12.562s] INFO:colcon.colcon_core.shell:Creating prefix util module '/home/zhanghechao/workspace/ws/install/_local_setup_util_sh.py'
[12.563s] INFO:colcon.colcon_core.shell:Creating prefix chain script '/home/zhanghechao/workspace/ws/install/setup.sh'
[12.563s] INFO:colcon.colcon_core.shell:Creating prefix script '/home/zhanghechao/workspace/ws/install/local_setup.bash'
[12.564s] INFO:colcon.colcon_core.shell:Creating prefix chain script '/home/zhanghechao/workspace/ws/install/setup.bash'
[12.564s] INFO:colcon.colcon_core.shell:Creating prefix script '/home/zhanghechao/workspace/ws/install/local_setup.zsh'
[12.565s] INFO:colcon.colcon_core.shell:Creating prefix chain script '/home/zhanghechao/workspace/ws/install/setup.zsh'
