[0.007s] Invoking command in '/home/zhanghechao/workspace/ws/build/pmocha_experiments': CMAKE_PREFIX_PATH=/opt/ros/humble /usr/bin/cmake --build /home/zhanghechao/workspace/ws/build/pmocha_experiments -- -j8 -l8
[0.037s] Consolidate compiler generated dependencies of target mocha_core
[0.046s] [ 17%] Built target mocha_core
[0.055s] Consolidate compiler generated dependencies of target test_core_ackermann_bilayer_optimizer
[0.055s] Consolidate compiler generated dependencies of target test_core_mco_optimizer
[0.061s] Consolidate compiler generated dependencies of target pmocha_experiment_core
[0.065s] [ 35%] Built target test_core_mco_optimizer
[0.065s] [ 41%] Built target test_core_ackermann_bilayer_optimizer
[0.072s] [ 76%] Built target pmocha_experiment_core
[0.082s] Consolidate compiler generated dependencies of target test_grid_corridor_pipeline
[0.083s] Consolidate compiler generated dependencies of target test_mocha_single_corridor_pipeline
[0.091s] [ 88%] Built target test_grid_corridor_pipeline
[0.093s] [100%] Built target test_mocha_single_corridor_pipeline
[0.102s] Invoked command in '/home/zhanghechao/workspace/ws/build/pmocha_experiments' returned '0': CMAKE_PREFIX_PATH=/opt/ros/humble /usr/bin/cmake --build /home/zhanghechao/workspace/ws/build/pmocha_experiments -- -j8 -l8
[0.110s] Invoking command in '/home/zhanghechao/workspace/ws/build/pmocha_experiments': CMAKE_PREFIX_PATH=/opt/ros/humble /usr/bin/cmake --install /home/zhanghechao/workspace/ws/build/pmocha_experiments
[0.116s] -- Install configuration: "Release"
[0.116s] -- Execute custom install script
[0.116s] -- Up-to-date symlink: /home/zhanghechao/workspace/ws/install/pmocha_experiments/lib/libmocha_core.a
[0.117s] -- Up-to-date symlink: /home/zhanghechao/workspace/ws/install/pmocha_experiments/include/mocha_planner/core/ackermann_bilayer_optimizer.hpp
[0.117s] -- Up-to-date symlink: /home/zhanghechao/workspace/ws/install/pmocha_experiments/include/mocha_planner/core/mco_optimizer.hpp
[0.117s] -- Up-to-date symlink: /home/zhanghechao/workspace/ws/install/pmocha_experiments/include/mocha_planner/core/types.hpp
[0.117s] -- Up-to-date symlink: /home/zhanghechao/workspace/ws/install/pmocha_experiments/include/mocha_planner/third_party/lbfgs.hpp
[0.117s] -- Up-to-date symlink: /home/zhanghechao/workspace/ws/install/pmocha_experiments/lib/libpmocha_experiment_core.a
[0.117s] -- Up-to-date symlink: /home/zhanghechao/workspace/ws/install/pmocha_experiments/include/pmocha_experiments/esdf_grid.hpp
[0.117s] -- Up-to-date symlink: /home/zhanghechao/workspace/ws/install/pmocha_experiments/include/pmocha_experiments/occupancy_grid.hpp
[0.117s] -- Up-to-date symlink: /home/zhanghechao/workspace/ws/install/pmocha_experiments/include/pmocha_experiments/single_astar.hpp
[0.118s] -- Up-to-date symlink: /home/zhanghechao/workspace/ws/install/pmocha_experiments/include/pmocha_experiments/single_corridor.hpp
[0.118s] -- Up-to-date symlink: /home/zhanghechao/workspace/ws/install/pmocha_experiments/include/pmocha_experiments/trajectory_evaluator.hpp
[0.118s] -- Up-to-date symlink: /home/zhanghechao/workspace/ws/install/pmocha_experiments/share/pmocha_experiments/launch/pmocha_sensor_sim.launch.py
[0.118s] -- Up-to-date symlink: /home/zhanghechao/workspace/ws/install/pmocha_experiments/share/pmocha_experiments/urdf/pmocha_ground_robot.urdf.xacro
[0.118s] -- Up-to-date symlink: /home/zhanghechao/workspace/ws/install/pmocha_experiments/share/pmocha_experiments/worlds/corner_occlusion.world
[0.118s] -- Up-to-date symlink: /home/zhanghechao/workspace/ws/install/pmocha_experiments/share/pmocha_experiments/config/v0_topics.yaml
[0.118s] -- Up-to-date symlink: /home/zhanghechao/workspace/ws/install/pmocha_experiments/share/ament_index/resource_index/package_run_dependencies/pmocha_experiments
[0.118s] -- Up-to-date symlink: /home/zhanghechao/workspace/ws/install/pmocha_experiments/share/ament_index/resource_index/parent_prefix_path/pmocha_experiments
[0.118s] -- Up-to-date symlink: /home/zhanghechao/workspace/ws/install/pmocha_experiments/share/pmocha_experiments/environment/ament_prefix_path.sh
[0.118s] -- Up-to-date symlink: /home/zhanghechao/workspace/ws/install/pmocha_experiments/share/pmocha_experiments/environment/ament_prefix_path.dsv
[0.119s] -- Up-to-date symlink: /home/zhanghechao/workspace/ws/install/pmocha_experiments/share/pmocha_experiments/environment/path.sh
[0.119s] -- Up-to-date symlink: /home/zhanghechao/workspace/ws/install/pmocha_experiments/share/pmocha_experiments/environment/path.dsv
[0.119s] -- Up-to-date symlink: /home/zhanghechao/workspace/ws/install/pmocha_experiments/share/pmocha_experiments/local_setup.bash
[0.119s] -- Up-to-date symlink: /home/zhanghechao/workspace/ws/install/pmocha_experiments/share/pmocha_experiments/local_setup.sh
[0.119s] -- Up-to-date symlink: /home/zhanghechao/workspace/ws/install/pmocha_experiments/share/pmocha_experiments/local_setup.zsh
[0.119s] -- Up-to-date symlink: /home/zhanghechao/workspace/ws/install/pmocha_experiments/share/pmocha_experiments/local_setup.dsv
[0.119s] -- Symlinking: /home/zhanghechao/workspace/ws/install/pmocha_experiments/share/pmocha_experiments/package.dsv
[0.126s] -- Up-to-date symlink: /home/zhanghechao/workspace/ws/install/pmocha_experiments/share/ament_index/resource_index/packages/pmocha_experiments
[0.126s] -- Up-to-date symlink: /home/zhanghechao/workspace/ws/install/pmocha_experiments/share/pmocha_experiments/cmake/pmocha_experimentsConfig.cmake
[0.126s] -- Up-to-date symlink: /home/zhanghechao/workspace/ws/install/pmocha_experiments/share/pmocha_experiments/cmake/pmocha_experimentsConfig-version.cmake
[0.126s] -- Up-to-date symlink: /home/zhanghechao/workspace/ws/install/pmocha_experiments/share/pmocha_experiments/package.xml
[0.128s] Invoked command in '/home/zhanghechao/workspace/ws/build/pmocha_experiments' returned '0': CMAKE_PREFIX_PATH=/opt/ros/humble /usr/bin/cmake --install /home/zhanghechao/workspace/ws/build/pmocha_experiments
