[0.000000] (-) TimerEvent: {}
[0.000053] (-) JobUnselected: {'identifier': 'dynamic_occpuancy_map'}
[0.000073] (-) JobUnselected: {'identifier': 'dynus'}
[0.000084] (-) JobUnselected: {'identifier': 'mocha_planner'}
[0.000093] (-) JobUnselected: {'identifier': 'rast_corridor_planning'}
[0.000103] (pmocha_experiments) JobQueued: {'identifier': 'pmocha_experiments', 'dependencies': OrderedDict()}
[0.000505] (pmocha_experiments) JobStarted: {'identifier': 'pmocha_experiments'}
[0.007780] (pmocha_experiments) JobProgress: {'identifier': 'pmocha_experiments', 'progress': 'cmake'}
[0.008157] (pmocha_experiments) JobProgress: {'identifier': 'pmocha_experiments', 'progress': 'build'}
[0.008633] (pmocha_experiments) Command: {'cmd': ['/usr/bin/cmake', '--build', '/home/zhanghechao/workspace/ws/build/pmocha_experiments', '--', '-j8', '-l8'], 'cwd': '/home/zhanghechao/workspace/ws/build/pmocha_experiments', 'env': OrderedDict([('GJS_DEBUG_TOPICS', 'JS ERROR;JS LOG'), ('LESSOPEN', '| /usr/bin/lesspipe %s'), ('VSCODE_CWD', '/home/zhanghechao'), ('CURSOR_EXTENSION_HOST_ROLE', 'agent-exec'), ('VSCODE_ESM_ENTRYPOINT', 'vs/workbench/api/node/extensionHostProcess'), ('LANGUAGE', 'zh_CN:zh:en_US:en'), ('USER', 'zhanghechao'), ('LC_TIME', 'zh_CN.UTF-8'), ('VSCODE_NLS_CONFIG', '{"userLocale":"zh-cn","osLocale":"zh-cn","resolvedLanguage":"zh-cn","defaultMessagesFile":"/usr/share/cursor/resources/app/out/nls.messages.json","languagePack":{"translationsConfigFile":"/home/zhanghechao/.config/Cursor/clp/3bfb7f1471a52e527cfc1587dd57c7c1.zh-cn/tcf.json","messagesFile":"/home/zhanghechao/.config/Cursor/clp/3bfb7f1471a52e527cfc1587dd57c7c1.zh-cn/fce1e9ab7844f9ea35793da01e634aa7e50bce90/nls.messages.json","corruptMarkerFile":"/home/zhanghechao/.config/Cursor/clp/3bfb7f1471a52e527cfc1587dd57c7c1.zh-cn/corrupted.info"},"locale":"zh-cn","availableLanguages":{"*":"zh-cn"},"_languagePackId":"3bfb7f1471a52e527cfc1587dd57c7c1.zh-cn","_languagePackSupport":true,"_translationsConfigFile":"/home/zhanghechao/.config/Cursor/clp/3bfb7f1471a52e527cfc1587dd57c7c1.zh-cn/tcf.json","_cacheRoot":"/home/zhanghechao/.config/Cursor/clp/3bfb7f1471a52e527cfc1587dd57c7c1.zh-cn","_resolvedLanguagePackCoreLocation":"/home/zhanghechao/.config/Cursor/clp/3bfb7f1471a52e527cfc1587dd57c7c1.zh-cn/fce1e9ab7844f9ea35793da01e634aa7e50bce90","_corruptedFile":"/home/zhanghechao/.config/Cursor/clp/3bfb7f1471a52e527cfc1587dd57c7c1.zh-cn/corrupted.info"}'), ('VSCODE_HANDLES_UNCAUGHT_ERRORS', 'true'), ('XDG_SESSION_TYPE', 'x11'), ('SHLVL', '0'), ('LD_LIBRARY_PATH', '/usr/lib/x86_64-linux-gnu/gazebo-11/plugins:/opt/ros/humble/opt/rviz_ogre_vendor/lib:/opt/ros/humble/lib/x86_64-linux-gnu:/opt/ros/humble/lib'), ('HOME', '/home/zhanghechao'), ('CHROME_DESKTOP', 'cursor.desktop'), ('DESKTOP_SESSION', 'ubuntu'), ('VSCODE_IPC_HOOK', '/run/user/1000/vscode-1fff4d92-3.1.-main.sock'), ('GIO_LAUNCHED_DESKTOP_FILE', '/usr/share/applications/cursor.desktop'), ('ROS_PYTHON_VERSION', '3'), ('GNOME_SHELL_SESSION_MODE', 'ubuntu'), ('GTK_MODULES', 'gail:atk-bridge'), ('LC_MONETARY', 'zh_CN.UTF-8'), ('CURSOR_WORKSPACE_LABEL', 'ws'), ('MANAGERPID', '1954'), ('SYSTEMD_EXEC_PID', '2255'), ('NO_COLOR', '1'), ('DBUS_SESSION_BUS_ADDRESS', 'unix:path=/run/user/1000/bus'), ('GIO_LAUNCHED_DESKTOP_FILE_PID', '4013'), ('VSCODE_CRASH_REPORTER_PROCESS_TYPE', 'extensionHost'), ('IM_CONFIG_PHASE', '1'), ('COLCON_PREFIX_PATH', '/home/zhanghechao/workspace/ws/install'), ('ROS_DISTRO', 'humble'), ('GTK_IM_MODULE', 'fcitx'), ('LOGNAME', 'zhanghechao'), ('FORCE_COLOR', '0'), ('JOURNAL_STREAM', '8:13831'), ('_', '/usr/bin/colcon'), ('ROS_VERSION', '2'), ('CURSOR_LAYOUT', 'unifiedAgent'), ('XDG_SESSION_CLASS', 'user'), ('USERNAME', 'zhanghechao'), ('TERM', 'dumb'), ('GNOME_DESKTOP_SESSION_ID', 'this-is-deprecated'), ('FC_FONTATIONS', '1'), ('ROS_LOCALHOST_ONLY', '0'), ('WINDOWPATH', '2'), ('PATH', '/home/zhanghechao/.local/bin:/usr/share/cursor/resources/app/resources/helpers:/home/zhanghechao/.local/bin:/opt/ros/humble/bin:/home/zhanghechao/.local/bin:/usr/local/sbin:/usr/local/bin:/usr/sbin:/usr/bin:/sbin:/bin:/usr/games:/usr/local/games:/snap/bin:/snap/bin'), ('SESSION_MANAGER', 'local/zhanghechao-ThinkBook-15-G2-ITL:@/tmp/.ICE-unix/2228,unix/zhanghechao-ThinkBook-15-G2-ITL:/tmp/.ICE-unix/2228'), ('INVOCATION_ID', 'c3bf6f3c7340401eb80a172427b3761e'), ('XDG_MENU_PREFIX', 'gnome-'), ('LC_ADDRESS', 'zh_CN.UTF-8'), ('VSCODE_PROCESS_TITLE', 'extension-host (agent-exec) ws [3-14]'), ('XDG_RUNTIME_DIR', '/run/user/1000'), ('GDK_BACKEND', 'x11'), ('CURSOR_AGENT', '1'), ('DISPLAY', ':1'), ('LANG', 'zh_CN.UTF-8'), ('XDG_CURRENT_DESKTOP', 'ubuntu:GNOME'), ('LC_TELEPHONE', 'zh_CN.UTF-8'), ('XMODIFIERS', '@im=fcitx'), ('XDG_SESSION_DESKTOP', 'ubuntu'), ('XAUTHORITY', '/run/user/1000/gdm/Xauthority'), ('LS_COLORS', ''), ('SSH_AGENT_LAUNCHER', 'gnome-keyring'), ('SSH_AUTH_SOCK', '/run/user/1000/keyring/ssh'), ('AMENT_PREFIX_PATH', '/home/zhanghechao/workspace/ws/install/pmocha_experiments:/opt/ros/humble'), ('SHELL', '/bin/bash'), ('LC_NAME', 'zh_CN.UTF-8'), ('QT_ACCESSIBILITY', '1'), ('GDMSESSION', 'ubuntu'), ('LESSCLOSE', '/usr/bin/lesspipe %s %s'), ('LC_MEASUREMENT', 'zh_CN.UTF-8'), ('GPG_AGENT_INFO', '/run/user/1000/gnupg/S.gpg-agent:0:1'), ('GJS_DEBUG_OUTPUT', 'stderr'), ('LC_IDENTIFICATION', 'zh_CN.UTF-8'), ('QT_IM_MODULE', 'fcitx'), ('PWD', '/home/zhanghechao/workspace/ws/build/pmocha_experiments'), ('XDG_CONFIG_DIRS', '/etc/xdg/xdg-ubuntu:/etc/xdg'), ('VSCODE_CODE_CACHE_PATH', '/home/zhanghechao/.config/Cursor/CachedData/fce1e9ab7844f9ea35793da01e634aa7e50bce90'), ('CLUTTER_IM_MODULE', 'fcitx'), ('XDG_DATA_DIRS', '/usr/share/ubuntu:/usr/share/gnome:/usr/local/share/:/usr/share/:/var/lib/snapd/desktop'), ('PYTHONPATH', '/opt/ros/humble/lib/python3.10/site-packages:/opt/ros/humble/local/lib/python3.10/dist-packages'), ('LC_NUMERIC', 'zh_CN.UTF-8'), ('LC_PAPER', 'zh_CN.UTF-8'), ('COLCON', '1'), ('_ZO_DOCTOR', '0'), ('CMAKE_PREFIX_PATH', '/home/zhanghechao/workspace/ws/install/pmocha_experiments:/opt/ros/humble'), ('VSCODE_PID', '4013')]), 'shell': False}
[0.050395] (pmocha_experiments) StdoutLine: {'line': b'[ 15%] Built target mocha_core\n'}
[0.068081] (pmocha_experiments) StdoutLine: {'line': b'[ 36%] Built target test_core_ackermann_bilayer_optimizer\n'}
[0.068271] (pmocha_experiments) StdoutLine: {'line': b'[ 36%] Built target test_core_mco_optimizer\n'}
[0.069255] (pmocha_experiments) StdoutLine: {'line': b'[ 68%] Built target pmocha_experiment_core\n'}
[0.087587] (pmocha_experiments) StdoutLine: {'line': b'Consolidate compiler generated dependencies of target perception_grid_node\n'}
[0.093393] (pmocha_experiments) StdoutLine: {'line': b'[ 89%] Built target test_mocha_single_corridor_pipeline\n'}
[0.093610] (pmocha_experiments) StdoutLine: {'line': b'[ 89%] Built target test_grid_corridor_pipeline\n'}
[0.099915] (-) TimerEvent: {}
[0.102214] (pmocha_experiments) StdoutLine: {'line': b'[100%] Built target perception_grid_node\n'}
[0.112857] (pmocha_experiments) CommandEnded: {'returncode': 0}
[0.113346] (pmocha_experiments) JobProgress: {'identifier': 'pmocha_experiments', 'progress': 'install'}
[0.119254] (pmocha_experiments) Command: {'cmd': ['/usr/bin/cmake', '--install', '/home/zhanghechao/workspace/ws/build/pmocha_experiments'], 'cwd': '/home/zhanghechao/workspace/ws/build/pmocha_experiments', 'env': OrderedDict([('GJS_DEBUG_TOPICS', 'JS ERROR;JS LOG'), ('LESSOPEN', '| /usr/bin/lesspipe %s'), ('VSCODE_CWD', '/home/zhanghechao'), ('CURSOR_EXTENSION_HOST_ROLE', 'agent-exec'), ('VSCODE_ESM_ENTRYPOINT', 'vs/workbench/api/node/extensionHostProcess'), ('LANGUAGE', 'zh_CN:zh:en_US:en'), ('USER', 'zhanghechao'), ('LC_TIME', 'zh_CN.UTF-8'), ('VSCODE_NLS_CONFIG', '{"userLocale":"zh-cn","osLocale":"zh-cn","resolvedLanguage":"zh-cn","defaultMessagesFile":"/usr/share/cursor/resources/app/out/nls.messages.json","languagePack":{"translationsConfigFile":"/home/zhanghechao/.config/Cursor/clp/3bfb7f1471a52e527cfc1587dd57c7c1.zh-cn/tcf.json","messagesFile":"/home/zhanghechao/.config/Cursor/clp/3bfb7f1471a52e527cfc1587dd57c7c1.zh-cn/fce1e9ab7844f9ea35793da01e634aa7e50bce90/nls.messages.json","corruptMarkerFile":"/home/zhanghechao/.config/Cursor/clp/3bfb7f1471a52e527cfc1587dd57c7c1.zh-cn/corrupted.info"},"locale":"zh-cn","availableLanguages":{"*":"zh-cn"},"_languagePackId":"3bfb7f1471a52e527cfc1587dd57c7c1.zh-cn","_languagePackSupport":true,"_translationsConfigFile":"/home/zhanghechao/.config/Cursor/clp/3bfb7f1471a52e527cfc1587dd57c7c1.zh-cn/tcf.json","_cacheRoot":"/home/zhanghechao/.config/Cursor/clp/3bfb7f1471a52e527cfc1587dd57c7c1.zh-cn","_resolvedLanguagePackCoreLocation":"/home/zhanghechao/.config/Cursor/clp/3bfb7f1471a52e527cfc1587dd57c7c1.zh-cn/fce1e9ab7844f9ea35793da01e634aa7e50bce90","_corruptedFile":"/home/zhanghechao/.config/Cursor/clp/3bfb7f1471a52e527cfc1587dd57c7c1.zh-cn/corrupted.info"}'), ('VSCODE_HANDLES_UNCAUGHT_ERRORS', 'true'), ('XDG_SESSION_TYPE', 'x11'), ('SHLVL', '0'), ('LD_LIBRARY_PATH', '/usr/lib/x86_64-linux-gnu/gazebo-11/plugins:/opt/ros/humble/opt/rviz_ogre_vendor/lib:/opt/ros/humble/lib/x86_64-linux-gnu:/opt/ros/humble/lib'), ('HOME', '/home/zhanghechao'), ('CHROME_DESKTOP', 'cursor.desktop'), ('DESKTOP_SESSION', 'ubuntu'), ('VSCODE_IPC_HOOK', '/run/user/1000/vscode-1fff4d92-3.1.-main.sock'), ('GIO_LAUNCHED_DESKTOP_FILE', '/usr/share/applications/cursor.desktop'), ('ROS_PYTHON_VERSION', '3'), ('GNOME_SHELL_SESSION_MODE', 'ubuntu'), ('GTK_MODULES', 'gail:atk-bridge'), ('LC_MONETARY', 'zh_CN.UTF-8'), ('CURSOR_WORKSPACE_LABEL', 'ws'), ('MANAGERPID', '1954'), ('SYSTEMD_EXEC_PID', '2255'), ('NO_COLOR', '1'), ('DBUS_SESSION_BUS_ADDRESS', 'unix:path=/run/user/1000/bus'), ('GIO_LAUNCHED_DESKTOP_FILE_PID', '4013'), ('VSCODE_CRASH_REPORTER_PROCESS_TYPE', 'extensionHost'), ('IM_CONFIG_PHASE', '1'), ('COLCON_PREFIX_PATH', '/home/zhanghechao/workspace/ws/install'), ('ROS_DISTRO', 'humble'), ('GTK_IM_MODULE', 'fcitx'), ('LOGNAME', 'zhanghechao'), ('FORCE_COLOR', '0'), ('JOURNAL_STREAM', '8:13831'), ('_', '/usr/bin/colcon'), ('ROS_VERSION', '2'), ('CURSOR_LAYOUT', 'unifiedAgent'), ('XDG_SESSION_CLASS', 'user'), ('USERNAME', 'zhanghechao'), ('TERM', 'dumb'), ('GNOME_DESKTOP_SESSION_ID', 'this-is-deprecated'), ('FC_FONTATIONS', '1'), ('ROS_LOCALHOST_ONLY', '0'), ('WINDOWPATH', '2'), ('PATH', '/home/zhanghechao/.local/bin:/usr/share/cursor/resources/app/resources/helpers:/home/zhanghechao/.local/bin:/opt/ros/humble/bin:/home/zhanghechao/.local/bin:/usr/local/sbin:/usr/local/bin:/usr/sbin:/usr/bin:/sbin:/bin:/usr/games:/usr/local/games:/snap/bin:/snap/bin'), ('SESSION_MANAGER', 'local/zhanghechao-ThinkBook-15-G2-ITL:@/tmp/.ICE-unix/2228,unix/zhanghechao-ThinkBook-15-G2-ITL:/tmp/.ICE-unix/2228'), ('INVOCATION_ID', 'c3bf6f3c7340401eb80a172427b3761e'), ('XDG_MENU_PREFIX', 'gnome-'), ('LC_ADDRESS', 'zh_CN.UTF-8'), ('VSCODE_PROCESS_TITLE', 'extension-host (agent-exec) ws [3-14]'), ('XDG_RUNTIME_DIR', '/run/user/1000'), ('GDK_BACKEND', 'x11'), ('CURSOR_AGENT', '1'), ('DISPLAY', ':1'), ('LANG', 'zh_CN.UTF-8'), ('XDG_CURRENT_DESKTOP', 'ubuntu:GNOME'), ('LC_TELEPHONE', 'zh_CN.UTF-8'), ('XMODIFIERS', '@im=fcitx'), ('XDG_SESSION_DESKTOP', 'ubuntu'), ('XAUTHORITY', '/run/user/1000/gdm/Xauthority'), ('LS_COLORS', ''), ('SSH_AGENT_LAUNCHER', 'gnome-keyring'), ('SSH_AUTH_SOCK', '/run/user/1000/keyring/ssh'), ('AMENT_PREFIX_PATH', '/home/zhanghechao/workspace/ws/install/pmocha_experiments:/opt/ros/humble'), ('SHELL', '/bin/bash'), ('LC_NAME', 'zh_CN.UTF-8'), ('QT_ACCESSIBILITY', '1'), ('GDMSESSION', 'ubuntu'), ('LESSCLOSE', '/usr/bin/lesspipe %s %s'), ('LC_MEASUREMENT', 'zh_CN.UTF-8'), ('GPG_AGENT_INFO', '/run/user/1000/gnupg/S.gpg-agent:0:1'), ('GJS_DEBUG_OUTPUT', 'stderr'), ('LC_IDENTIFICATION', 'zh_CN.UTF-8'), ('QT_IM_MODULE', 'fcitx'), ('PWD', '/home/zhanghechao/workspace/ws/build/pmocha_experiments'), ('XDG_CONFIG_DIRS', '/etc/xdg/xdg-ubuntu:/etc/xdg'), ('VSCODE_CODE_CACHE_PATH', '/home/zhanghechao/.config/Cursor/CachedData/fce1e9ab7844f9ea35793da01e634aa7e50bce90'), ('CLUTTER_IM_MODULE', 'fcitx'), ('XDG_DATA_DIRS', '/usr/share/ubuntu:/usr/share/gnome:/usr/local/share/:/usr/share/:/var/lib/snapd/desktop'), ('PYTHONPATH', '/opt/ros/humble/lib/python3.10/site-packages:/opt/ros/humble/local/lib/python3.10/dist-packages'), ('LC_NUMERIC', 'zh_CN.UTF-8'), ('LC_PAPER', 'zh_CN.UTF-8'), ('COLCON', '1'), ('_ZO_DOCTOR', '0'), ('CMAKE_PREFIX_PATH', '/home/zhanghechao/workspace/ws/install/pmocha_experiments:/opt/ros/humble'), ('VSCODE_PID', '4013')]), 'shell': False}
[0.127252] (pmocha_experiments) StdoutLine: {'line': b'-- Install configuration: "Release"\n'}
[0.127538] (pmocha_experiments) StdoutLine: {'line': b'-- Execute custom install script\n'}
[0.127725] (pmocha_experiments) StdoutLine: {'line': b'-- Up-to-date symlink: /home/zhanghechao/workspace/ws/install/pmocha_experiments/lib/libmocha_core.a\n'}
[0.127977] (pmocha_experiments) StdoutLine: {'line': b'-- Up-to-date symlink: /home/zhanghechao/workspace/ws/install/pmocha_experiments/include/mocha_planner/core/ackermann_bilayer_optimizer.hpp\n'}
[0.128075] (pmocha_experiments) StdoutLine: {'line': b'-- Up-to-date symlink: /home/zhanghechao/workspace/ws/install/pmocha_experiments/include/mocha_planner/core/mco_optimizer.hpp\n'}
[0.128170] (pmocha_experiments) StdoutLine: {'line': b'-- Up-to-date symlink: /home/zhanghechao/workspace/ws/install/pmocha_experiments/include/mocha_planner/core/types.hpp\n'}
[0.128355] (pmocha_experiments) StdoutLine: {'line': b'-- Up-to-date symlink: /home/zhanghechao/workspace/ws/install/pmocha_experiments/include/mocha_planner/third_party/lbfgs.hpp\n'}
[0.128513] (pmocha_experiments) StdoutLine: {'line': b'-- Up-to-date symlink: /home/zhanghechao/workspace/ws/install/pmocha_experiments/lib/libpmocha_experiment_core.a\n'}
[0.128724] (pmocha_experiments) StdoutLine: {'line': b'-- Up-to-date symlink: /home/zhanghechao/workspace/ws/install/pmocha_experiments/include/pmocha_experiments/esdf_grid.hpp\n'}
[0.128810] (pmocha_experiments) StdoutLine: {'line': b'-- Up-to-date symlink: /home/zhanghechao/workspace/ws/install/pmocha_experiments/include/pmocha_experiments/occupancy_grid.hpp\n'}
[0.128897] (pmocha_experiments) StdoutLine: {'line': b'-- Up-to-date symlink: /home/zhanghechao/workspace/ws/install/pmocha_experiments/include/pmocha_experiments/single_astar.hpp\n'}
[0.128984] (pmocha_experiments) StdoutLine: {'line': b'-- Up-to-date symlink: /home/zhanghechao/workspace/ws/install/pmocha_experiments/include/pmocha_experiments/single_corridor.hpp\n'}
[0.129073] (pmocha_experiments) StdoutLine: {'line': b'-- Up-to-date symlink: /home/zhanghechao/workspace/ws/install/pmocha_experiments/include/pmocha_experiments/trajectory_evaluator.hpp\n'}
[0.129260] (pmocha_experiments) StdoutLine: {'line': b'-- Up-to-date symlink: /home/zhanghechao/workspace/ws/install/pmocha_experiments/share/pmocha_experiments/launch/pmocha_sensor_sim.launch.py\n'}
[0.129345] (pmocha_experiments) StdoutLine: {'line': b'-- Up-to-date symlink: /home/zhanghechao/workspace/ws/install/pmocha_experiments/share/pmocha_experiments/launch/pmocha_v0_pipeline.launch.py\n'}
[0.129495] (pmocha_experiments) StdoutLine: {'line': b'-- Up-to-date symlink: /home/zhanghechao/workspace/ws/install/pmocha_experiments/share/pmocha_experiments/urdf/pioneer3at_body.urdf.xacro\n'}
[0.129578] (pmocha_experiments) StdoutLine: {'line': b'-- Up-to-date symlink: /home/zhanghechao/workspace/ws/install/pmocha_experiments/share/pmocha_experiments/urdf/pmocha_dynus_ground_robot.urdf.xacro\n'}
[0.129658] (pmocha_experiments) StdoutLine: {'line': b'-- Up-to-date symlink: /home/zhanghechao/workspace/ws/install/pmocha_experiments/share/pmocha_experiments/urdf/pmocha_ground_robot.urdf.xacro\n'}
[0.129825] (pmocha_experiments) StdoutLine: {'line': b'-- Up-to-date symlink: /home/zhanghechao/workspace/ws/install/pmocha_experiments/share/pmocha_experiments/worlds/corner_occlusion.world\n'}
[0.129911] (pmocha_experiments) StdoutLine: {'line': b'-- Up-to-date symlink: /home/zhanghechao/workspace/ws/install/pmocha_experiments/share/pmocha_experiments/worlds/dynus/empty.world\n'}
[0.129996] (pmocha_experiments) StdoutLine: {'line': b'-- Up-to-date symlink: /home/zhanghechao/workspace/ws/install/pmocha_experiments/share/pmocha_experiments/worlds/dynus/office.world\n'}
[0.130116] (pmocha_experiments) StdoutLine: {'line': b'-- Up-to-date symlink: /home/zhanghechao/workspace/ws/install/pmocha_experiments/share/pmocha_experiments/worlds/dynus/simple_tunnel.world\n'}
[0.130355] (pmocha_experiments) StdoutLine: {'line': b'-- Up-to-date symlink: /home/zhanghechao/workspace/ws/install/pmocha_experiments/share/pmocha_experiments/config/v0_topics.yaml\n'}
[0.130548] (pmocha_experiments) StdoutLine: {'line': b'-- Up-to-date symlink: /home/zhanghechao/workspace/ws/install/pmocha_experiments/share/pmocha_experiments/meshes/p3at_meshes/axle.stl\n'}
[0.130633] (pmocha_experiments) StdoutLine: {'line': b'-- Up-to-date symlink: /home/zhanghechao/workspace/ws/install/pmocha_experiments/share/pmocha_experiments/meshes/p3at_meshes/back_sonar.stl\n'}
[0.130719] (pmocha_experiments) StdoutLine: {'line': b'-- Up-to-date symlink: /home/zhanghechao/workspace/ws/install/pmocha_experiments/share/pmocha_experiments/meshes/p3at_meshes/chassis.stl\n'}
[0.130797] (pmocha_experiments) StdoutLine: {'line': b'-- Up-to-date symlink: /home/zhanghechao/workspace/ws/install/pmocha_experiments/share/pmocha_experiments/meshes/p3at_meshes/front_sonar.stl\n'}
[0.130880] (pmocha_experiments) StdoutLine: {'line': b'-- Up-to-date symlink: /home/zhanghechao/workspace/ws/install/pmocha_experiments/share/pmocha_experiments/meshes/p3at_meshes/left_hubcap.stl\n'}
[0.130965] (pmocha_experiments) StdoutLine: {'line': b'-- Up-to-date symlink: /home/zhanghechao/workspace/ws/install/pmocha_experiments/share/pmocha_experiments/meshes/p3at_meshes/right_hubcap.stl\n'}
[0.131051] (pmocha_experiments) StdoutLine: {'line': b'-- Up-to-date symlink: /home/zhanghechao/workspace/ws/install/pmocha_experiments/share/pmocha_experiments/meshes/p3at_meshes/top.stl\n'}
[0.131181] (pmocha_experiments) StdoutLine: {'line': b'-- Up-to-date symlink: /home/zhanghechao/workspace/ws/install/pmocha_experiments/share/pmocha_experiments/meshes/p3at_meshes/wheel.stl\n'}
[0.131415] (pmocha_experiments) StdoutLine: {'line': b'-- Up-to-date symlink: /home/zhanghechao/workspace/ws/install/pmocha_experiments/share/pmocha_experiments/meshes/real_sense/d435.dae\n'}
[0.131482] (pmocha_experiments) StdoutLine: {'line': b'-- Up-to-date symlink: /home/zhanghechao/workspace/ws/install/pmocha_experiments/share/pmocha_experiments/rviz/dynus_sim_ground_robot.rviz\n'}
[0.131544] (pmocha_experiments) StdoutLine: {'line': b'-- Up-to-date symlink: /home/zhanghechao/workspace/ws/install/pmocha_experiments/share/pmocha_experiments/rviz/pmocha_v0.rviz\n'}
[0.131643] (pmocha_experiments) StdoutLine: {'line': b'-- Up-to-date symlink: /home/zhanghechao/workspace/ws/install/pmocha_experiments/lib/pmocha_experiments/teleop.sh\n'}
[0.131702] (pmocha_experiments) StdoutLine: {'line': b'-- Up-to-date symlink: /home/zhanghechao/workspace/ws/install/pmocha_experiments/lib/pmocha_experiments/perception_grid_node\n'}
[0.131817] (pmocha_experiments) StdoutLine: {'line': b'-- Up-to-date symlink: /home/zhanghechao/workspace/ws/install/pmocha_experiments/share/ament_index/resource_index/package_run_dependencies/pmocha_experiments\n'}
[0.131880] (pmocha_experiments) StdoutLine: {'line': b'-- Up-to-date symlink: /home/zhanghechao/workspace/ws/install/pmocha_experiments/share/ament_index/resource_index/parent_prefix_path/pmocha_experiments\n'}
[0.131988] (pmocha_experiments) StdoutLine: {'line': b'-- Up-to-date symlink: /home/zhanghechao/workspace/ws/install/pmocha_experiments/share/pmocha_experiments/environment/ament_prefix_path.sh\n'}
[0.132052] (pmocha_experiments) StdoutLine: {'line': b'-- Up-to-date symlink: /home/zhanghechao/workspace/ws/install/pmocha_experiments/share/pmocha_experiments/environment/ament_prefix_path.dsv\n'}
[0.132173] (pmocha_experiments) StdoutLine: {'line': b'-- Up-to-date symlink: /home/zhanghechao/workspace/ws/install/pmocha_experiments/share/pmocha_experiments/environment/path.sh\n'}
[0.132234] (pmocha_experiments) StdoutLine: {'line': b'-- Up-to-date symlink: /home/zhanghechao/workspace/ws/install/pmocha_experiments/share/pmocha_experiments/environment/path.dsv\n'}
[0.132339] (pmocha_experiments) StdoutLine: {'line': b'-- Up-to-date symlink: /home/zhanghechao/workspace/ws/install/pmocha_experiments/share/pmocha_experiments/local_setup.bash\n'}
[0.132410] (pmocha_experiments) StdoutLine: {'line': b'-- Up-to-date symlink: /home/zhanghechao/workspace/ws/install/pmocha_experiments/share/pmocha_experiments/local_setup.sh\n'}
[0.132539] (pmocha_experiments) StdoutLine: {'line': b'-- Up-to-date symlink: /home/zhanghechao/workspace/ws/install/pmocha_experiments/share/pmocha_experiments/local_setup.zsh\n'}
[0.132597] (pmocha_experiments) StdoutLine: {'line': b'-- Up-to-date symlink: /home/zhanghechao/workspace/ws/install/pmocha_experiments/share/pmocha_experiments/local_setup.dsv\n'}
[0.132653] (pmocha_experiments) StdoutLine: {'line': b'-- Symlinking: /home/zhanghechao/workspace/ws/install/pmocha_experiments/share/pmocha_experiments/package.dsv\n'}
[0.141599] (pmocha_experiments) StdoutLine: {'line': b'-- Up-to-date symlink: /home/zhanghechao/workspace/ws/install/pmocha_experiments/share/ament_index/resource_index/packages/pmocha_experiments\n'}
[0.141800] (pmocha_experiments) StdoutLine: {'line': b'-- Up-to-date symlink: /home/zhanghechao/workspace/ws/install/pmocha_experiments/share/pmocha_experiments/cmake/pmocha_experimentsConfig.cmake\n'}
[0.141858] (pmocha_experiments) StdoutLine: {'line': b'-- Up-to-date symlink: /home/zhanghechao/workspace/ws/install/pmocha_experiments/share/pmocha_experiments/cmake/pmocha_experimentsConfig-version.cmake\n'}
[0.141908] (pmocha_experiments) StdoutLine: {'line': b'-- Up-to-date symlink: /home/zhanghechao/workspace/ws/install/pmocha_experiments/share/pmocha_experiments/package.xml\n'}
[0.143028] (pmocha_experiments) CommandEnded: {'returncode': 0}
[0.156500] (pmocha_experiments) JobEnded: {'identifier': 'pmocha_experiments', 'rc': 0}
[0.156908] (-) EventReactorShutdown: {}
