-- The CXX compiler identification is GNU 11.4.0
-- Detecting CXX compiler ABI info
-- Detecting CXX compiler ABI info - done
-- Check for working CXX compiler: /usr/bin/c++ - skipped
-- Detecting CXX compile features
-- Detecting CXX compile features - done
-- Found Python3: /usr/bin/python3 (found version "3.10.12") found components: Interpreter 
-- Override CMake install command with custom implementation using symlinks instead of copying resources
-- Configuring done
-- Generating done
-- Build files have been written to: /home/zhanghechao/workspace/ws/build/pmocha_experiments
[ 11%] [32mBuilding CXX object mocha_planner/CMakeFiles/mocha_core.dir/src/core/mco_optimizer.cpp.o[0m
[ 11%] [32mBuilding CXX object mocha_planner/CMakeFiles/mocha_core.dir/src/core/ackermann_bilayer_optimizer.cpp.o[0m
[ 17%] [32m[1mLinking CXX static library libmocha_core.a[0m
[ 17%] Built target mocha_core
[ 23%] [32mBuilding CXX object CMakeFiles/pmocha_experiment_core.dir/src/trajectory_evaluator.cpp.o[0m
[ 52%] [32mBuilding CXX object mocha_planner/CMakeFiles/test_core_mco_optimizer.dir/test/test_core_mco_optimizer.cpp.o[0m
[ 52%] [32mBuilding CXX object mocha_planner/CMakeFiles/test_core_ackermann_bilayer_optimizer.dir/test/test_core_ackermann_bilayer_optimizer.cpp.o[0m
[ 52%] [32mBuilding CXX object CMakeFiles/pmocha_experiment_core.dir/src/esdf_grid.cpp.o[0m
[ 52%] [32mBuilding CXX object CMakeFiles/pmocha_experiment_core.dir/src/single_astar.cpp.o[0m
[ 52%] [32mBuilding CXX object CMakeFiles/pmocha_experiment_core.dir/src/occupancy_grid.cpp.o[0m
[ 58%] [32mBuilding CXX object CMakeFiles/pmocha_experiment_core.dir/src/single_corridor.cpp.o[0m
[ 64%] [32m[1mLinking CXX executable test_core_ackermann_bilayer_optimizer[0m
[ 64%] Built target test_core_ackermann_bilayer_optimizer
[ 70%] [32m[1mLinking CXX static library libpmocha_experiment_core.a[0m
[ 70%] Built target pmocha_experiment_core
[ 76%] [32mBuilding CXX object CMakeFiles/test_mocha_single_corridor_pipeline.dir/test/test_mocha_single_corridor_pipeline.cpp.o[0m
[ 82%] [32mBuilding CXX object CMakeFiles/test_grid_corridor_pipeline.dir/test/test_grid_corridor_pipeline.cpp.o[0m
[ 88%] [32m[1mLinking CXX executable test_core_mco_optimizer[0m
[ 88%] Built target test_core_mco_optimizer
[ 94%] [32m[1mLinking CXX executable test_grid_corridor_pipeline[0m
[ 94%] Built target test_grid_corridor_pipeline
[100%] [32m[1mLinking CXX executable test_mocha_single_corridor_pipeline[0m
[100%] Built target test_mocha_single_corridor_pipeline
-- Install configuration: "Release"
-- Execute custom install script
-- Symlinking: /home/zhanghechao/workspace/ws/install/pmocha_experiments/lib/libmocha_core.a
-- Symlinking: /home/zhanghechao/workspace/ws/install/pmocha_experiments/include/mocha_planner/core/ackermann_bilayer_optimizer.hpp
-- Symlinking: /home/zhanghechao/workspace/ws/install/pmocha_experiments/include/mocha_planner/core/mco_optimizer.hpp
-- Symlinking: /home/zhanghechao/workspace/ws/install/pmocha_experiments/include/mocha_planner/core/types.hpp
-- Symlinking: /home/zhanghechao/workspace/ws/install/pmocha_experiments/include/mocha_planner/third_party/lbfgs.hpp
-- Symlinking: /home/zhanghechao/workspace/ws/install/pmocha_experiments/lib/libpmocha_experiment_core.a
-- Symlinking: /home/zhanghechao/workspace/ws/install/pmocha_experiments/include/pmocha_experiments/esdf_grid.hpp
-- Symlinking: /home/zhanghechao/workspace/ws/install/pmocha_experiments/include/pmocha_experiments/occupancy_grid.hpp
-- Symlinking: /home/zhanghechao/workspace/ws/install/pmocha_experiments/include/pmocha_experiments/single_astar.hpp
-- Symlinking: /home/zhanghechao/workspace/ws/install/pmocha_experiments/include/pmocha_experiments/single_corridor.hpp
-- Symlinking: /home/zhanghechao/workspace/ws/install/pmocha_experiments/include/pmocha_experiments/trajectory_evaluator.hpp
-- Symlinking: /home/zhanghechao/workspace/ws/install/pmocha_experiments/share/pmocha_experiments/launch/pmocha_sensor_sim.launch.py
-- Symlinking: /home/zhanghechao/workspace/ws/install/pmocha_experiments/share/pmocha_experiments/urdf/pmocha_ground_robot.urdf.xacro
-- Symlinking: /home/zhanghechao/workspace/ws/install/pmocha_experiments/share/pmocha_experiments/worlds/corner_occlusion.world
-- Symlinking: /home/zhanghechao/workspace/ws/install/pmocha_experiments/share/pmocha_experiments/config/v0_topics.yaml
-- Symlinking: /home/zhanghechao/workspace/ws/install/pmocha_experiments/share/ament_index/resource_index/package_run_dependencies/pmocha_experiments
-- Symlinking: /home/zhanghechao/workspace/ws/install/pmocha_experiments/share/ament_index/resource_index/parent_prefix_path/pmocha_experiments
-- Symlinking: /home/zhanghechao/workspace/ws/install/pmocha_experiments/share/pmocha_experiments/environment/ament_prefix_path.sh
-- Symlinking: /home/zhanghechao/workspace/ws/install/pmocha_experiments/share/pmocha_experiments/environment/ament_prefix_path.dsv
-- Symlinking: /home/zhanghechao/workspace/ws/install/pmocha_experiments/share/pmocha_experiments/environment/path.sh
-- Symlinking: /home/zhanghechao/workspace/ws/install/pmocha_experiments/share/pmocha_experiments/environment/path.dsv
-- Symlinking: /home/zhanghechao/workspace/ws/install/pmocha_experiments/share/pmocha_experiments/local_setup.bash
-- Symlinking: /home/zhanghechao/workspace/ws/install/pmocha_experiments/share/pmocha_experiments/local_setup.sh
-- Symlinking: /home/zhanghechao/workspace/ws/install/pmocha_experiments/share/pmocha_experiments/local_setup.zsh
-- Symlinking: /home/zhanghechao/workspace/ws/install/pmocha_experiments/share/pmocha_experiments/local_setup.dsv
-- Symlinking: /home/zhanghechao/workspace/ws/install/pmocha_experiments/share/pmocha_experiments/package.dsv
-- Symlinking: /home/zhanghechao/workspace/ws/install/pmocha_experiments/share/ament_index/resource_index/packages/pmocha_experiments
-- Symlinking: /home/zhanghechao/workspace/ws/install/pmocha_experiments/share/pmocha_experiments/cmake/pmocha_experimentsConfig.cmake
-- Symlinking: /home/zhanghechao/workspace/ws/install/pmocha_experiments/share/pmocha_experiments/cmake/pmocha_experimentsConfig-version.cmake
-- Symlinking: /home/zhanghechao/workspace/ws/install/pmocha_experiments/share/pmocha_experiments/package.xml
