[0.008s] Invoking command in '/home/zhanghechao/workspace/ws/build/pmocha_experiments': CMAKE_PREFIX_PATH=/opt/ros/humble /usr/bin/cmake /home/zhanghechao/workspace/ws/MOCHA/pmocha_experiments -DAMENT_CMAKE_SYMLINK_INSTALL=1 -DCMAKE_INSTALL_PREFIX=/home/zhanghechao/workspace/ws/install/pmocha_experiments
[0.067s] -- The CXX compiler identification is GNU 11.4.0
[0.076s] -- Detecting CXX compiler ABI info
[0.133s] -- Detecting CXX compiler ABI info - done
[0.138s] -- Check for working CXX compiler: /usr/bin/c++ - skipped
[0.138s] -- Detecting CXX compile features
[0.139s] -- Detecting CXX compile features - done
[0.243s] -- Found Python3: /usr/bin/python3 (found version "3.10.12") found components: Interpreter 
[0.285s] -- Override CMake install command with custom implementation using symlinks instead of copying resources
[0.344s] -- Configuring done
[0.351s] -- Generating done
[0.353s] -- Build files have been written to: /home/zhanghechao/workspace/ws/build/pmocha_experiments
[0.356s] Invoked command in '/home/zhanghechao/workspace/ws/build/pmocha_experiments' returned '0': CMAKE_PREFIX_PATH=/opt/ros/humble /usr/bin/cmake /home/zhanghechao/workspace/ws/MOCHA/pmocha_experiments -DAMENT_CMAKE_SYMLINK_INSTALL=1 -DCMAKE_INSTALL_PREFIX=/home/zhanghechao/workspace/ws/install/pmocha_experiments
[0.358s] Invoking command in '/home/zhanghechao/workspace/ws/build/pmocha_experiments': CMAKE_PREFIX_PATH=/opt/ros/humble /usr/bin/cmake --build /home/zhanghechao/workspace/ws/build/pmocha_experiments -- -j8 -l8
[0.391s] [ 11%] [32mBuilding CXX object mocha_planner/CMakeFiles/mocha_core.dir/src/core/mco_optimizer.cpp.o[0m
[0.391s] [ 11%] [32mBuilding CXX object mocha_planner/CMakeFiles/mocha_core.dir/src/core/ackermann_bilayer_optimizer.cpp.o[0m
[5.430s] [ 17%] [32m[1mLinking CXX static library libmocha_core.a[0m
[5.456s] [ 17%] Built target mocha_core
[5.473s] [ 23%] [32mBuilding CXX object CMakeFiles/pmocha_experiment_core.dir/src/trajectory_evaluator.cpp.o[0m
[5.473s] [ 52%] [32mBuilding CXX object mocha_planner/CMakeFiles/test_core_mco_optimizer.dir/test/test_core_mco_optimizer.cpp.o[0m
[5.473s] [ 52%] [32mBuilding CXX object mocha_planner/CMakeFiles/test_core_ackermann_bilayer_optimizer.dir/test/test_core_ackermann_bilayer_optimizer.cpp.o[0m
[5.473s] [ 52%] [32mBuilding CXX object CMakeFiles/pmocha_experiment_core.dir/src/esdf_grid.cpp.o[0m
[5.473s] [ 52%] [32mBuilding CXX object CMakeFiles/pmocha_experiment_core.dir/src/single_astar.cpp.o[0m
[5.473s] [ 52%] [32mBuilding CXX object CMakeFiles/pmocha_experiment_core.dir/src/occupancy_grid.cpp.o[0m
[5.473s] [ 58%] [32mBuilding CXX object CMakeFiles/pmocha_experiment_core.dir/src/single_corridor.cpp.o[0m
[6.281s] [ 64%] [32m[1mLinking CXX executable test_core_ackermann_bilayer_optimizer[0m
[6.346s] [ 64%] Built target test_core_ackermann_bilayer_optimizer
[6.992s] [ 70%] [32m[1mLinking CXX static library libpmocha_experiment_core.a[0m
[7.015s] [ 70%] Built target pmocha_experiment_core
[7.030s] [ 76%] [32mBuilding CXX object CMakeFiles/test_mocha_single_corridor_pipeline.dir/test/test_mocha_single_corridor_pipeline.cpp.o[0m
[7.030s] [ 82%] [32mBuilding CXX object CMakeFiles/test_grid_corridor_pipeline.dir/test/test_grid_corridor_pipeline.cpp.o[0m
[7.152s] [ 88%] [32m[1mLinking CXX executable test_core_mco_optimizer[0m
[7.214s] [ 88%] Built target test_core_mco_optimizer
[7.760s] [ 94%] [32m[1mLinking CXX executable test_grid_corridor_pipeline[0m
[7.817s] [ 94%] Built target test_grid_corridor_pipeline
[8.263s] [100%] [32m[1mLinking CXX executable test_mocha_single_corridor_pipeline[0m
[8.317s] [100%] Built target test_mocha_single_corridor_pipeline
[8.325s] Invoked command in '/home/zhanghechao/workspace/ws/build/pmocha_experiments' returned '0': CMAKE_PREFIX_PATH=/opt/ros/humble /usr/bin/cmake --build /home/zhanghechao/workspace/ws/build/pmocha_experiments -- -j8 -l8
[8.331s] Invoking command in '/home/zhanghechao/workspace/ws/build/pmocha_experiments': CMAKE_PREFIX_PATH=/opt/ros/humble /usr/bin/cmake --install /home/zhanghechao/workspace/ws/build/pmocha_experiments
[8.336s] -- Install configuration: "Release"
[8.336s] -- Execute custom install script
[8.337s] -- Symlinking: /home/zhanghechao/workspace/ws/install/pmocha_experiments/lib/libmocha_core.a
[8.343s] -- Symlinking: /home/zhanghechao/workspace/ws/install/pmocha_experiments/include/mocha_planner/core/ackermann_bilayer_optimizer.hpp
[8.349s] -- Symlinking: /home/zhanghechao/workspace/ws/install/pmocha_experiments/include/mocha_planner/core/mco_optimizer.hpp
[8.355s] -- Symlinking: /home/zhanghechao/workspace/ws/install/pmocha_experiments/include/mocha_planner/core/types.hpp
[8.361s] -- Symlinking: /home/zhanghechao/workspace/ws/install/pmocha_experiments/include/mocha_planner/third_party/lbfgs.hpp
[8.367s] -- Symlinking: /home/zhanghechao/workspace/ws/install/pmocha_experiments/lib/libpmocha_experiment_core.a
[8.373s] -- Symlinking: /home/zhanghechao/workspace/ws/install/pmocha_experiments/include/pmocha_experiments/esdf_grid.hpp
[8.379s] -- Symlinking: /home/zhanghechao/workspace/ws/install/pmocha_experiments/include/pmocha_experiments/occupancy_grid.hpp
[8.384s] -- Symlinking: /home/zhanghechao/workspace/ws/install/pmocha_experiments/include/pmocha_experiments/single_astar.hpp
[8.390s] -- Symlinking: /home/zhanghechao/workspace/ws/install/pmocha_experiments/include/pmocha_experiments/single_corridor.hpp
[8.396s] -- Symlinking: /home/zhanghechao/workspace/ws/install/pmocha_experiments/include/pmocha_experiments/trajectory_evaluator.hpp
[8.401s] -- Symlinking: /home/zhanghechao/workspace/ws/install/pmocha_experiments/share/pmocha_experiments/launch/pmocha_sensor_sim.launch.py
[8.407s] -- Symlinking: /home/zhanghechao/workspace/ws/install/pmocha_experiments/share/pmocha_experiments/urdf/pmocha_ground_robot.urdf.xacro
[8.413s] -- Symlinking: /home/zhanghechao/workspace/ws/install/pmocha_experiments/share/pmocha_experiments/worlds/corner_occlusion.world
[8.418s] -- Symlinking: /home/zhanghechao/workspace/ws/install/pmocha_experiments/share/pmocha_experiments/config/v0_topics.yaml
[8.424s] -- Symlinking: /home/zhanghechao/workspace/ws/install/pmocha_experiments/share/ament_index/resource_index/package_run_dependencies/pmocha_experiments
[8.430s] -- Symlinking: /home/zhanghechao/workspace/ws/install/pmocha_experiments/share/ament_index/resource_index/parent_prefix_path/pmocha_experiments
[8.436s] -- Symlinking: /home/zhanghechao/workspace/ws/install/pmocha_experiments/share/pmocha_experiments/environment/ament_prefix_path.sh
[8.442s] -- Symlinking: /home/zhanghechao/workspace/ws/install/pmocha_experiments/share/pmocha_experiments/environment/ament_prefix_path.dsv
[8.448s] -- Symlinking: /home/zhanghechao/workspace/ws/install/pmocha_experiments/share/pmocha_experiments/environment/path.sh
[8.454s] -- Symlinking: /home/zhanghechao/workspace/ws/install/pmocha_experiments/share/pmocha_experiments/environment/path.dsv
[8.460s] -- Symlinking: /home/zhanghechao/workspace/ws/install/pmocha_experiments/share/pmocha_experiments/local_setup.bash
[8.466s] -- Symlinking: /home/zhanghechao/workspace/ws/install/pmocha_experiments/share/pmocha_experiments/local_setup.sh
[8.472s] -- Symlinking: /home/zhanghechao/workspace/ws/install/pmocha_experiments/share/pmocha_experiments/local_setup.zsh
[8.478s] -- Symlinking: /home/zhanghechao/workspace/ws/install/pmocha_experiments/share/pmocha_experiments/local_setup.dsv
[8.483s] -- Symlinking: /home/zhanghechao/workspace/ws/install/pmocha_experiments/share/pmocha_experiments/package.dsv
[8.489s] -- Symlinking: /home/zhanghechao/workspace/ws/install/pmocha_experiments/share/ament_index/resource_index/packages/pmocha_experiments
[8.495s] -- Symlinking: /home/zhanghechao/workspace/ws/install/pmocha_experiments/share/pmocha_experiments/cmake/pmocha_experimentsConfig.cmake
[8.500s] -- Symlinking: /home/zhanghechao/workspace/ws/install/pmocha_experiments/share/pmocha_experiments/cmake/pmocha_experimentsConfig-version.cmake
[8.506s] -- Symlinking: /home/zhanghechao/workspace/ws/install/pmocha_experiments/share/pmocha_experiments/package.xml
[8.513s] Invoked command in '/home/zhanghechao/workspace/ws/build/pmocha_experiments' returned '0': CMAKE_PREFIX_PATH=/opt/ros/humble /usr/bin/cmake --install /home/zhanghechao/workspace/ws/build/pmocha_experiments
